{"/home/travis/build/npmtest/node-npmtest-vue/test.js":{"path":"/home/travis/build/npmtest/node-npmtest-vue/test.js","s":{"1":2,"2":2,"3":2,"4":2,"5":2,"6":2,"7":2,"8":1,"9":2,"10":2,"11":1,"12":1,"13":1,"14":1,"15":2,"16":2,"17":2,"18":2,"19":1,"20":1,"21":2,"22":2,"23":2,"24":1,"25":1,"26":1,"27":1,"28":1,"29":1,"30":1,"31":1,"32":1,"33":1,"34":1,"35":1,"36":1,"37":1,"38":1,"39":2,"40":2,"41":1,"42":2,"43":2,"44":1,"45":2,"46":2,"47":1,"48":2,"49":2,"50":1,"51":1,"52":1,"53":1,"54":1},"b":{"1":[2,1,1,1],"2":[1,1,1,1],"3":[1,1],"4":[1,1],"5":[1,1],"6":[1,1],"7":[1,1],"8":[1,1],"9":[1,1],"10":[1,1,1],"11":[1,1],"12":[1,1],"13":[1,1],"14":[1,1],"15":[1,1],"16":[1,1],"17":[1,1]},"f":{"1":2,"2":2,"3":2,"4":2,"5":2,"6":1,"7":1,"8":1,"9":2,"10":2,"11":2,"12":2,"13":1},"fnMap":{"1":{"name":"(anonymous_1)","line":12,"loc":{"start":{"line":12,"column":1},"end":{"line":12,"column":13}}},"2":{"name":"(anonymous_2)","line":19,"loc":{"start":{"line":19,"column":5},"end":{"line":19,"column":17}}},"3":{"name":"(anonymous_3)","line":23,"loc":{"start":{"line":23,"column":24},"end":{"line":23,"column":36}}},"4":{"name":"(anonymous_4)","line":61,"loc":{"start":{"line":61,"column":5},"end":{"line":61,"column":17}}},"5":{"name":"(anonymous_5)","line":82,"loc":{"start":{"line":82,"column":5},"end":{"line":82,"column":17}}},"6":{"name":"(anonymous_6)","line":91,"loc":{"start":{"line":91,"column":77},"end":{"line":94,"column":10}}},"7":{"name":"(anonymous_7)","line":112,"loc":{"start":{"line":112,"column":83},"end":{"line":115,"column":10}},"skip":true},"8":{"name":"(anonymous_8)","line":123,"loc":{"start":{"line":123,"column":77},"end":{"line":126,"column":10}},"skip":true},"9":{"name":"(anonymous_9)","line":139,"loc":{"start":{"line":139,"column":12},"end":{"line":139,"column":40}},"skip":true},"10":{"name":"(anonymous_10)","line":147,"loc":{"start":{"line":147,"column":77},"end":{"line":150,"column":10}},"skip":true},"11":{"name":"(anonymous_11)","line":158,"loc":{"start":{"line":158,"column":83},"end":{"line":161,"column":10}},"skip":true},"12":{"name":"(anonymous_12)","line":169,"loc":{"start":{"line":169,"column":79},"end":{"line":172,"column":10}},"skip":true},"13":{"name":"(anonymous_13)","line":180,"loc":{"start":{"line":180,"column":75},"end":{"line":183,"column":10}},"skip":true}},"statementMap":{"1":{"start":{"line":12,"column":0},"end":{"line":195,"column":5}},"2":{"start":{"line":14,"column":4},"end":{"line":14,"column":14}},"3":{"start":{"line":19,"column":4},"end":{"line":56,"column":9}},"4":{"start":{"line":21,"column":8},"end":{"line":21,"column":19}},"5":{"start":{"line":23,"column":8},"end":{"line":35,"column":13}},"6":{"start":{"line":24,"column":12},"end":{"line":34,"column":13}},"7":{"start":{"line":25,"column":16},"end":{"line":28,"column":30}},"8":{"start":{"line":30,"column":16},"end":{"line":33,"column":27}},"9":{"start":{"line":37,"column":8},"end":{"line":39,"column":21}},"10":{"start":{"line":40,"column":8},"end":{"line":53,"column":9}},"11":{"start":{"line":43,"column":12},"end":{"line":46,"column":14}},"12":{"start":{"line":47,"column":12},"end":{"line":47,"column":18}},"13":{"start":{"line":50,"column":12},"end":{"line":51,"column":46}},"14":{"start":{"line":52,"column":12},"end":{"line":52,"column":18}},"15":{"start":{"line":55,"column":8},"end":{"line":55,"column":35}},"16":{"start":{"line":61,"column":4},"end":{"line":63,"column":9}},"17":{"start":{"line":62,"column":8},"end":{"line":62,"column":15}},"18":{"start":{"line":64,"column":4},"end":{"line":77,"column":5}},"19":{"start":{"line":70,"column":8},"end":{"line":70,"column":14}},"20":{"start":{"line":76,"column":8},"end":{"line":76,"column":14}},"21":{"start":{"line":82,"column":4},"end":{"line":84,"column":9}},"22":{"start":{"line":83,"column":8},"end":{"line":83,"column":15}},"23":{"start":{"line":85,"column":4},"end":{"line":194,"column":5}},"24":{"start":{"line":91,"column":8},"end":{"line":99,"column":10}},"25":{"start":{"line":98,"column":12},"end":{"line":98,"column":35}},"26":{"start":{"line":102,"column":8},"end":{"line":104,"column":63}},"27":{"start":{"line":105,"column":8},"end":{"line":105,"column":14}},"28":{"start":{"line":112,"column":8},"end":{"line":121,"column":10},"skip":true},"29":{"start":{"line":119,"column":12},"end":{"line":119,"column":55},"skip":true},"30":{"start":{"line":120,"column":12},"end":{"line":120,"column":48},"skip":true},"31":{"start":{"line":123,"column":8},"end":{"line":136,"column":10},"skip":true},"32":{"start":{"line":130,"column":12},"end":{"line":130,"column":76},"skip":true},"33":{"start":{"line":131,"column":12},"end":{"line":131,"column":73},"skip":true},"34":{"start":{"line":132,"column":12},"end":{"line":132,"column":74},"skip":true},"35":{"start":{"line":133,"column":12},"end":{"line":133,"column":79},"skip":true},"36":{"start":{"line":134,"column":12},"end":{"line":134,"column":25},"skip":true},"37":{"start":{"line":135,"column":12},"end":{"line":135,"column":45},"skip":true},"38":{"start":{"line":138,"column":8},"end":{"line":145,"column":14},"skip":true},"39":{"start":{"line":143,"column":16},"end":{"line":143,"column":29},"skip":true},"40":{"start":{"line":144,"column":16},"end":{"line":144,"column":55},"skip":true},"41":{"start":{"line":147,"column":8},"end":{"line":156,"column":10},"skip":true},"42":{"start":{"line":154,"column":12},"end":{"line":154,"column":25},"skip":true},"43":{"start":{"line":155,"column":12},"end":{"line":155,"column":45},"skip":true},"44":{"start":{"line":158,"column":8},"end":{"line":167,"column":10},"skip":true},"45":{"start":{"line":165,"column":12},"end":{"line":165,"column":25},"skip":true},"46":{"start":{"line":166,"column":12},"end":{"line":166,"column":48},"skip":true},"47":{"start":{"line":169,"column":8},"end":{"line":178,"column":10},"skip":true},"48":{"start":{"line":176,"column":12},"end":{"line":176,"column":25},"skip":true},"49":{"start":{"line":177,"column":12},"end":{"line":177,"column":46},"skip":true},"50":{"start":{"line":180,"column":8},"end":{"line":189,"column":10},"skip":true},"51":{"start":{"line":187,"column":12},"end":{"line":187,"column":94},"skip":true},"52":{"start":{"line":188,"column":12},"end":{"line":188,"column":48},"skip":true},"53":{"start":{"line":192,"column":8},"end":{"line":192,"column":35},"skip":true},"54":{"start":{"line":193,"column":8},"end":{"line":193,"column":14},"skip":true}},"branchMap":{"1":{"line":25,"type":"binary-expr","locations":[{"start":{"line":25,"column":23},"end":{"line":25,"column":62}},{"start":{"line":26,"column":20},"end":{"line":26,"column":70}},{"start":{"line":27,"column":20},"end":{"line":27,"column":71}},{"start":{"line":28,"column":20},"end":{"line":28,"column":29}}]},"2":{"line":30,"type":"binary-expr","locations":[{"start":{"line":30,"column":23},"end":{"line":30,"column":37}},{"start":{"line":31,"column":20},"end":{"line":31,"column":61}},{"start":{"line":32,"column":20},"end":{"line":32,"column":70}},{"start":{"line":33,"column":20},"end":{"line":33,"column":26}}]},"3":{"line":37,"type":"cond-expr","locations":[{"start":{"line":38,"column":14},"end":{"line":38,"column":20}},{"start":{"line":39,"column":14},"end":{"line":39,"column":20}}]},"4":{"line":40,"type":"switch","locations":[{"start":{"line":42,"column":8},"end":{"line":47,"column":18}},{"start":{"line":49,"column":8},"end":{"line":52,"column":18}}]},"5":{"line":44,"type":"binary-expr","locations":[{"start":{"line":44,"column":16},"end":{"line":44,"column":44}},{"start":{"line":44,"column":48},"end":{"line":44,"column":66}}]},"6":{"line":50,"type":"binary-expr","locations":[{"start":{"line":50,"column":21},"end":{"line":50,"column":49}},{"start":{"line":50,"column":53},"end":{"line":50,"column":72}}]},"7":{"line":64,"type":"switch","locations":[{"start":{"line":69,"column":4},"end":{"line":70,"column":14}},{"start":{"line":75,"column":4},"end":{"line":76,"column":14}}]},"8":{"line":85,"type":"switch","locations":[{"start":{"line":90,"column":4},"end":{"line":105,"column":14}},{"start":{"line":111,"column":4},"end":{"line":193,"column":14},"skip":true}]},"9":{"line":91,"type":"binary-expr","locations":[{"start":{"line":91,"column":42},"end":{"line":91,"column":73}},{"start":{"line":91,"column":77},"end":{"line":99,"column":9}}]},"10":{"line":102,"type":"binary-expr","locations":[{"start":{"line":102,"column":18},"end":{"line":102,"column":32}},{"start":{"line":103,"column":12},"end":{"line":103,"column":53}},{"start":{"line":104,"column":12},"end":{"line":104,"column":61}}]},"11":{"line":112,"type":"binary-expr","locations":[{"start":{"line":112,"column":45},"end":{"line":112,"column":79},"skip":true},{"start":{"line":112,"column":83},"end":{"line":121,"column":9},"skip":true}]},"12":{"line":123,"type":"binary-expr","locations":[{"start":{"line":123,"column":42},"end":{"line":123,"column":73},"skip":true},{"start":{"line":123,"column":77},"end":{"line":136,"column":9},"skip":true}]},"13":{"line":138,"type":"binary-expr","locations":[{"start":{"line":138,"column":48},"end":{"line":138,"column":85},"skip":true},{"start":{"line":139,"column":12},"end":{"line":145,"column":13},"skip":true}]},"14":{"line":147,"type":"binary-expr","locations":[{"start":{"line":147,"column":42},"end":{"line":147,"column":73},"skip":true},{"start":{"line":147,"column":77},"end":{"line":156,"column":9},"skip":true}]},"15":{"line":158,"type":"binary-expr","locations":[{"start":{"line":158,"column":45},"end":{"line":158,"column":79},"skip":true},{"start":{"line":158,"column":83},"end":{"line":167,"column":9},"skip":true}]},"16":{"line":169,"type":"binary-expr","locations":[{"start":{"line":169,"column":43},"end":{"line":169,"column":75},"skip":true},{"start":{"line":169,"column":79},"end":{"line":178,"column":9},"skip":true}]},"17":{"line":180,"type":"binary-expr","locations":[{"start":{"line":180,"column":41},"end":{"line":180,"column":71},"skip":true},{"start":{"line":180,"column":75},"end":{"line":189,"column":9},"skip":true}]}},"code":["/* istanbul instrument in package npmtest_vue */","/*jslint","    bitwise: true,","    browser: true,","    maxerr: 8,","    maxlen: 96,","    node: true,","    nomen: true,","    regexp: true,","    stupid: true","*/","(function () {","    'use strict';","    var local;","","","","    // run shared js-env code - pre-init","    (function () {","        // init local","        local = {};","        // init modeJs","        local.modeJs = (function () {","            try {","                return typeof navigator.userAgent === 'string' &&","                    typeof document.querySelector('body') === 'object' &&","                    typeof XMLHttpRequest.prototype.open === 'function' &&","                    'browser';","            } catch (errorCaughtBrowser) {","                return module.exports &&","                    typeof process.versions.node === 'string' &&","                    typeof require('http').createServer === 'function' &&","                    'node';","            }","        }());","        // init global","        local.global = local.modeJs === 'browser'","            ? window","            : global;","        switch (local.modeJs) {","        // re-init local from window.local","        case 'browser':","            local = local.global.utility2.objectSetDefault(","                local.global.utility2_rollup || local.global.local,","                local.global.utility2","            );","            break;","        // re-init local from example.js","        case 'node':","            local = (local.global.utility2_rollup || require('utility2'))","                .requireExampleJsFromReadme();","            break;","        }","        // export local","        local.global.local = local;","    }());","","","","    // run shared js-env code - function","    (function () {","        return;","    }());","    switch (local.modeJs) {","","","","    // run browser js-env code - function","    case 'browser':","        break;","","","","    // run node js-env code - function","    case 'node':","        break;","    }","","","","    // run shared js-env code - post-init","    (function () {","        return;","    }());","    switch (local.modeJs) {","","","","    // run browser js-env code - post-init","    case 'browser':","        local.testCase_browser_nullCase = local.testCase_browser_nullCase || function (","            options,","            onError","        ) {","        /*","         * this function will test browsers's null-case handling-behavior-behavior","         */","            onError(null, options);","        };","","        // run tests","        local.nop(local.modeTest &&","            document.querySelector('#testRunButton1') &&","            document.querySelector('#testRunButton1').click());","        break;","","","","    // run node js-env code - post-init","    /* istanbul ignore next */","    case 'node':","        local.testCase_buildApidoc_default = local.testCase_buildApidoc_default || function (","            options,","            onError","        ) {","        /*","         * this function will test buildApidoc's default handling-behavior-behavior","         */","            options = { modulePathList: module.paths };","            local.buildApidoc(options, onError);","        };","","        local.testCase_buildApp_default = local.testCase_buildApp_default || function (","            options,","            onError","        ) {","        /*","         * this function will test buildApp's default handling-behavior-behavior","         */","            local.testCase_buildReadme_default(options, local.onErrorThrow);","            local.testCase_buildLib_default(options, local.onErrorThrow);","            local.testCase_buildTest_default(options, local.onErrorThrow);","            local.testCase_buildCustomOrg_default(options, local.onErrorThrow);","            options = [];","            local.buildApp(options, onError);","        };","","        local.testCase_buildCustomOrg_default = local.testCase_buildCustomOrg_default ||","            function (options, onError) {","            /*","             * this function will test buildCustomOrg's default handling-behavior","             */","                options = {};","                local.buildCustomOrg(options, onError);","            };","","        local.testCase_buildLib_default = local.testCase_buildLib_default || function (","            options,","            onError","        ) {","        /*","         * this function will test buildLib's default handling-behavior","         */","            options = {};","            local.buildLib(options, onError);","        };","","        local.testCase_buildReadme_default = local.testCase_buildReadme_default || function (","            options,","            onError","        ) {","        /*","         * this function will test buildReadme's default handling-behavior-behavior","         */","            options = {};","            local.buildReadme(options, onError);","        };","","        local.testCase_buildTest_default = local.testCase_buildTest_default || function (","            options,","            onError","        ) {","        /*","         * this function will test buildTest's default handling-behavior","         */","            options = {};","            local.buildTest(options, onError);","        };","","        local.testCase_webpage_default = local.testCase_webpage_default || function (","            options,","            onError","        ) {","        /*","         * this function will test webpage's default handling-behavior","         */","            options = { modeCoverageMerge: true, url: local.serverLocalHost + '?modeTest=1' };","            local.browserTest(options, onError);","        };","","        // run test-server","        local.testRunServer(local);","        break;","    }","}());",""],"l":{"12":2,"14":2,"19":2,"21":2,"23":2,"24":2,"25":2,"30":1,"37":2,"40":2,"43":1,"47":1,"50":1,"52":1,"55":2,"61":2,"62":2,"64":2,"70":1,"76":1,"82":2,"83":2,"85":2,"91":1,"98":1,"102":1,"105":1,"112":1,"119":1,"120":1,"123":1,"130":1,"131":1,"132":1,"133":1,"134":1,"135":1,"138":1,"143":2,"144":2,"147":1,"154":2,"155":2,"158":1,"165":2,"166":2,"169":1,"176":2,"177":2,"180":1,"187":1,"188":1,"192":1,"193":1}},"/home/travis/build/npmtest/node-npmtest-vue/lib.npmtest_vue.js":{"path":"/home/travis/build/npmtest/node-npmtest-vue/lib.npmtest_vue.js","s":{"1":2,"2":2,"3":2,"4":2,"5":2,"6":2,"7":2,"8":1,"9":2,"10":2,"11":2,"12":2,"13":1,"14":1,"15":1,"16":1},"b":{"1":[2,1,1,1],"2":[1,1,1,1],"3":[1,1],"4":[2,2],"5":[1,1]},"f":{"1":2,"2":2,"3":2},"fnMap":{"1":{"name":"(anonymous_1)","line":12,"loc":{"start":{"line":12,"column":1},"end":{"line":12,"column":13}}},"2":{"name":"(anonymous_2)","line":19,"loc":{"start":{"line":19,"column":5},"end":{"line":19,"column":17}}},"3":{"name":"(anonymous_3)","line":23,"loc":{"start":{"line":23,"column":24},"end":{"line":23,"column":36}}}},"statementMap":{"1":{"start":{"line":12,"column":0},"end":{"line":53,"column":5}},"2":{"start":{"line":14,"column":4},"end":{"line":14,"column":14}},"3":{"start":{"line":19,"column":4},"end":{"line":52,"column":9}},"4":{"start":{"line":21,"column":8},"end":{"line":21,"column":19}},"5":{"start":{"line":23,"column":8},"end":{"line":35,"column":13}},"6":{"start":{"line":24,"column":12},"end":{"line":34,"column":13}},"7":{"start":{"line":25,"column":16},"end":{"line":28,"column":30}},"8":{"start":{"line":30,"column":16},"end":{"line":33,"column":27}},"9":{"start":{"line":37,"column":8},"end":{"line":39,"column":21}},"10":{"start":{"line":41,"column":8},"end":{"line":41,"column":54}},"11":{"start":{"line":43,"column":8},"end":{"line":43,"column":48}},"12":{"start":{"line":45,"column":8},"end":{"line":51,"column":9}},"13":{"start":{"line":46,"column":12},"end":{"line":46,"column":54}},"14":{"start":{"line":48,"column":12},"end":{"line":48,"column":35}},"15":{"start":{"line":49,"column":12},"end":{"line":49,"column":49}},"16":{"start":{"line":50,"column":12},"end":{"line":50,"column":43}}},"branchMap":{"1":{"line":25,"type":"binary-expr","locations":[{"start":{"line":25,"column":23},"end":{"line":25,"column":62}},{"start":{"line":26,"column":20},"end":{"line":26,"column":70}},{"start":{"line":27,"column":20},"end":{"line":27,"column":71}},{"start":{"line":28,"column":20},"end":{"line":28,"column":29}}]},"2":{"line":30,"type":"binary-expr","locations":[{"start":{"line":30,"column":23},"end":{"line":30,"column":37}},{"start":{"line":31,"column":20},"end":{"line":31,"column":61}},{"start":{"line":32,"column":20},"end":{"line":32,"column":70}},{"start":{"line":33,"column":20},"end":{"line":33,"column":26}}]},"3":{"line":37,"type":"cond-expr","locations":[{"start":{"line":38,"column":14},"end":{"line":38,"column":20}},{"start":{"line":39,"column":14},"end":{"line":39,"column":20}}]},"4":{"line":41,"type":"binary-expr","locations":[{"start":{"line":41,"column":16},"end":{"line":41,"column":44}},{"start":{"line":41,"column":48},"end":{"line":41,"column":53}}]},"5":{"line":45,"type":"if","locations":[{"start":{"line":45,"column":8},"end":{"line":45,"column":8}},{"start":{"line":45,"column":8},"end":{"line":45,"column":8}}]}},"code":["/* istanbul instrument in package npmtest_vue */","/*jslint","    bitwise: true,","    browser: true,","    maxerr: 8,","    maxlen: 96,","    node: true,","    nomen: true,","    regexp: true,","    stupid: true","*/","(function () {","    'use strict';","    var local;","","","","    // run shared js-env code - pre-init","    (function () {","        // init local","        local = {};","        // init modeJs","        local.modeJs = (function () {","            try {","                return typeof navigator.userAgent === 'string' &&","                    typeof document.querySelector('body') === 'object' &&","                    typeof XMLHttpRequest.prototype.open === 'function' &&","                    'browser';","            } catch (errorCaughtBrowser) {","                return module.exports &&","                    typeof process.versions.node === 'string' &&","                    typeof require('http').createServer === 'function' &&","                    'node';","            }","        }());","        // init global","        local.global = local.modeJs === 'browser'","            ? window","            : global;","        // init utility2_rollup","        local = local.global.utility2_rollup || local;","        // init lib","        local.local = local.npmtest_vue = local;","        // init exports","        if (local.modeJs === 'browser') {","            local.global.utility2_npmtest_vue = local;","        } else {","            module.exports = local;","            module.exports.__dirname = __dirname;","            module.exports.module = module;","        }","    }());","}());",""],"l":{"12":2,"14":2,"19":2,"21":2,"23":2,"24":2,"25":2,"30":1,"37":2,"41":2,"43":2,"45":2,"46":1,"48":1,"49":1,"50":1}},"/home/travis/build/npmtest/node-npmtest-vue/example.js":{"path":"/home/travis/build/npmtest/node-npmtest-vue/example.js","s":{"1":2,"2":2,"3":2,"4":2,"5":2,"6":2,"7":2,"8":1,"9":2,"10":2,"11":2,"12":2,"13":1,"14":2,"15":2,"16":2,"17":2,"18":2,"19":0,"20":2,"21":1,"22":1,"23":1,"24":1,"25":1,"26":0,"27":0,"28":1,"29":1,"30":2,"31":0,"32":0,"33":0,"34":1,"35":2,"36":2,"37":3,"38":3,"39":3,"40":3,"41":0,"42":3,"43":3,"44":3,"45":1,"46":3,"47":1,"48":1,"49":1,"50":1,"51":1,"52":1,"53":1,"54":1,"55":1,"56":1,"57":0,"58":1,"59":6,"60":6,"61":1,"62":2,"63":0,"64":2,"65":1,"66":1,"67":0,"68":0,"69":0,"70":0,"71":0,"72":0,"73":0,"74":0,"75":0,"76":0,"77":0,"78":0,"79":0,"80":0,"81":0,"82":0,"83":0},"b":{"1":[2,1,1,1],"2":[1,1,1,1],"3":[1,1],"4":[2,2],"5":[1,1],"6":[1,1],"7":[2,0],"8":[2,1,1,1,1,1],"9":[0,2,0],"10":[1,1],"11":[2,1,1],"12":[1,0],"13":[0,2],"14":[2,0,0,0,0,0,0],"15":[0,3],"16":[3,0],"17":[1,1],"18":[0,1],"19":[1,2,0,2],"20":[1,0],"21":[1,1],"22":[0,0],"23":[0,0],"24":[0,0],"25":[0,0],"26":[0,0],"27":[0,0],"28":[0,0]},"f":{"1":2,"2":2,"3":2,"4":2,"5":2,"6":2,"7":3,"8":3,"9":3,"10":1,"11":6,"12":0},"fnMap":{"1":{"name":"(anonymous_1)","line":26,"loc":{"start":{"line":26,"column":1},"end":{"line":26,"column":13}}},"2":{"name":"(anonymous_2)","line":33,"loc":{"start":{"line":33,"column":5},"end":{"line":33,"column":17}}},"3":{"name":"(anonymous_3)","line":37,"loc":{"start":{"line":37,"column":24},"end":{"line":37,"column":36}}},"4":{"name":"(anonymous_4)","line":69,"loc":{"start":{"line":69,"column":31},"end":{"line":69,"column":48}},"skip":true},"5":{"name":"(anonymous_5)","line":78,"loc":{"start":{"line":78,"column":26},"end":{"line":78,"column":45}},"skip":true},"6":{"name":"(anonymous_6)","line":123,"loc":{"start":{"line":123,"column":33},"end":{"line":123,"column":48}},"skip":true},"7":{"name":"(anonymous_7)","line":125,"loc":{"start":{"line":125,"column":27},"end":{"line":125,"column":39}},"skip":true},"8":{"name":"(anonymous_8)","line":133,"loc":{"start":{"line":133,"column":59},"end":{"line":133,"column":74}},"skip":true},"9":{"name":"(anonymous_9)","line":143,"loc":{"start":{"line":143,"column":45},"end":{"line":143,"column":62}},"skip":true},"10":{"name":"(anonymous_10)","line":144,"loc":{"start":{"line":144,"column":73},"end":{"line":144,"column":92}},"skip":true},"11":{"name":"(anonymous_11)","line":272,"loc":{"start":{"line":272,"column":51},"end":{"line":272,"column":77}},"skip":true},"12":{"name":"(anonymous_12)","line":315,"loc":{"start":{"line":315,"column":32},"end":{"line":315,"column":61}},"skip":true}},"statementMap":{"1":{"start":{"line":26,"column":0},"end":{"line":326,"column":5}},"2":{"start":{"line":28,"column":4},"end":{"line":28,"column":14}},"3":{"start":{"line":33,"column":4},"end":{"line":60,"column":9}},"4":{"start":{"line":35,"column":8},"end":{"line":35,"column":19}},"5":{"start":{"line":37,"column":8},"end":{"line":49,"column":13}},"6":{"start":{"line":38,"column":12},"end":{"line":48,"column":13}},"7":{"start":{"line":39,"column":16},"end":{"line":42,"column":30}},"8":{"start":{"line":44,"column":16},"end":{"line":47,"column":27}},"9":{"start":{"line":51,"column":8},"end":{"line":53,"column":21}},"10":{"start":{"line":55,"column":8},"end":{"line":57,"column":45}},"11":{"start":{"line":59,"column":8},"end":{"line":59,"column":35}},"12":{"start":{"line":61,"column":4},"end":{"line":325,"column":5}},"13":{"start":{"line":69,"column":8},"end":{"line":121,"column":10},"skip":true},"14":{"start":{"line":70,"column":12},"end":{"line":88,"column":13},"skip":true},"15":{"start":{"line":76,"column":16},"end":{"line":87,"column":19},"skip":true},"16":{"start":{"line":79,"column":20},"end":{"line":86,"column":21},"skip":true},"17":{"start":{"line":82,"column":24},"end":{"line":82,"column":43},"skip":true},"18":{"start":{"line":83,"column":24},"end":{"line":83,"column":30},"skip":true},"19":{"start":{"line":85,"column":24},"end":{"line":85,"column":49},"skip":true},"20":{"start":{"line":89,"column":12},"end":{"line":107,"column":13},"skip":true},"21":{"start":{"line":92,"column":16},"end":{"line":102,"column":17},"skip":true},"22":{"start":{"line":93,"column":20},"end":{"line":93,"column":86},"skip":true},"23":{"start":{"line":94,"column":20},"end":{"line":95,"column":45},"skip":true},"24":{"start":{"line":96,"column":20},"end":{"line":96,"column":42},"skip":true},"25":{"start":{"line":97,"column":20},"end":{"line":97,"column":48},"skip":true},"26":{"start":{"line":100,"column":20},"end":{"line":100,"column":85},"skip":true},"27":{"start":{"line":101,"column":20},"end":{"line":101,"column":96},"skip":true},"28":{"start":{"line":103,"column":16},"end":{"line":103,"column":22},"skip":true},"29":{"start":{"line":106,"column":16},"end":{"line":106,"column":22},"skip":true},"30":{"start":{"line":108,"column":12},"end":{"line":120,"column":13},"skip":true},"31":{"start":{"line":114,"column":16},"end":{"line":119,"column":17},"skip":true},"32":{"start":{"line":116,"column":20},"end":{"line":116,"column":78},"skip":true},"33":{"start":{"line":118,"column":20},"end":{"line":118,"column":47},"skip":true},"34":{"start":{"line":123,"column":8},"end":{"line":141,"column":11},"skip":true},"35":{"start":{"line":124,"column":12},"end":{"line":124,"column":54},"skip":true},"36":{"start":{"line":125,"column":12},"end":{"line":140,"column":14},"skip":true},"37":{"start":{"line":126,"column":16},"end":{"line":126,"column":28},"skip":true},"38":{"start":{"line":127,"column":16},"end":{"line":127,"column":69},"skip":true},"39":{"start":{"line":128,"column":16},"end":{"line":128,"column":75},"skip":true},"40":{"start":{"line":129,"column":16},"end":{"line":131,"column":17},"skip":true},"41":{"start":{"line":130,"column":20},"end":{"line":130,"column":27},"skip":true},"42":{"start":{"line":133,"column":16},"end":{"line":137,"column":36},"skip":true},"43":{"start":{"line":134,"column":20},"end":{"line":136,"column":55},"skip":true},"44":{"start":{"line":139,"column":16},"end":{"line":139,"column":57},"skip":true},"45":{"start":{"line":143,"column":8},"end":{"line":147,"column":11},"skip":true},"46":{"start":{"line":144,"column":12},"end":{"line":146,"column":15},"skip":true},"47":{"start":{"line":145,"column":16},"end":{"line":145,"column":70},"skip":true},"48":{"start":{"line":149,"column":8},"end":{"line":149,"column":31},"skip":true},"49":{"start":{"line":150,"column":8},"end":{"line":150,"column":14},"skip":true},"50":{"start":{"line":158,"column":8},"end":{"line":158,"column":31},"skip":true},"51":{"start":{"line":160,"column":8},"end":{"line":160,"column":33},"skip":true},"52":{"start":{"line":161,"column":8},"end":{"line":161,"column":37},"skip":true},"53":{"start":{"line":162,"column":8},"end":{"line":162,"column":35},"skip":true},"54":{"start":{"line":164,"column":8},"end":{"line":164,"column":50},"skip":true},"55":{"start":{"line":166,"column":8},"end":{"line":256,"column":2},"skip":true},"56":{"start":{"line":258,"column":8},"end":{"line":286,"column":9},"skip":true},"57":{"start":{"line":259,"column":12},"end":{"line":269,"column":14},"skip":true},"58":{"start":{"line":271,"column":12},"end":{"line":285,"column":19},"skip":true},"59":{"start":{"line":274,"column":20},"end":{"line":274,"column":35},"skip":true},"60":{"start":{"line":275,"column":20},"end":{"line":284,"column":21},"skip":true},"61":{"start":{"line":277,"column":24},"end":{"line":277,"column":64},"skip":true},"62":{"start":{"line":279,"column":24},"end":{"line":279,"column":40},"skip":true},"63":{"start":{"line":281,"column":24},"end":{"line":281,"column":40},"skip":true},"64":{"start":{"line":283,"column":24},"end":{"line":283,"column":39},"skip":true},"65":{"start":{"line":288,"column":8},"end":{"line":290,"column":9},"skip":true},"66":{"start":{"line":289,"column":12},"end":{"line":289,"column":18},"skip":true},"67":{"start":{"line":291,"column":8},"end":{"line":293,"column":54},"skip":true},"68":{"start":{"line":296,"column":8},"end":{"line":301,"column":37},"skip":true},"69":{"start":{"line":303,"column":8},"end":{"line":303,"column":82},"skip":true},"70":{"start":{"line":306,"column":8},"end":{"line":308,"column":9},"skip":true},"71":{"start":{"line":307,"column":12},"end":{"line":307,"column":82},"skip":true},"72":{"start":{"line":310,"column":8},"end":{"line":312,"column":9},"skip":true},"73":{"start":{"line":311,"column":12},"end":{"line":311,"column":18},"skip":true},"74":{"start":{"line":313,"column":8},"end":{"line":313,"column":54},"skip":true},"75":{"start":{"line":314,"column":8},"end":{"line":314,"column":69},"skip":true},"76":{"start":{"line":315,"column":8},"end":{"line":323,"column":36},"skip":true},"77":{"start":{"line":316,"column":12},"end":{"line":316,"column":61},"skip":true},"78":{"start":{"line":317,"column":12},"end":{"line":320,"column":13},"skip":true},"79":{"start":{"line":318,"column":16},"end":{"line":318,"column":75},"skip":true},"80":{"start":{"line":319,"column":16},"end":{"line":319,"column":23},"skip":true},"81":{"start":{"line":321,"column":12},"end":{"line":321,"column":38},"skip":true},"82":{"start":{"line":322,"column":12},"end":{"line":322,"column":27},"skip":true},"83":{"start":{"line":324,"column":8},"end":{"line":324,"column":14},"skip":true}},"branchMap":{"1":{"line":39,"type":"binary-expr","locations":[{"start":{"line":39,"column":23},"end":{"line":39,"column":62}},{"start":{"line":40,"column":20},"end":{"line":40,"column":70}},{"start":{"line":41,"column":20},"end":{"line":41,"column":71}},{"start":{"line":42,"column":20},"end":{"line":42,"column":29}}]},"2":{"line":44,"type":"binary-expr","locations":[{"start":{"line":44,"column":23},"end":{"line":44,"column":37}},{"start":{"line":45,"column":20},"end":{"line":45,"column":61}},{"start":{"line":46,"column":20},"end":{"line":46,"column":70}},{"start":{"line":47,"column":20},"end":{"line":47,"column":26}}]},"3":{"line":51,"type":"cond-expr","locations":[{"start":{"line":52,"column":14},"end":{"line":52,"column":20}},{"start":{"line":53,"column":14},"end":{"line":53,"column":20}}]},"4":{"line":55,"type":"binary-expr","locations":[{"start":{"line":55,"column":16},"end":{"line":55,"column":44}},{"start":{"line":55,"column":49},"end":{"line":57,"column":43}}]},"5":{"line":55,"type":"cond-expr","locations":[{"start":{"line":56,"column":14},"end":{"line":56,"column":47}},{"start":{"line":57,"column":14},"end":{"line":57,"column":43}}]},"6":{"line":61,"type":"switch","locations":[{"start":{"line":68,"column":4},"end":{"line":150,"column":14},"skip":true},{"start":{"line":156,"column":4},"end":{"line":324,"column":14},"skip":true}]},"7":{"line":70,"type":"if","locations":[{"start":{"line":70,"column":12},"end":{"line":70,"column":12},"skip":true},{"start":{"line":70,"column":12},"end":{"line":70,"column":12},"skip":true}]},"8":{"line":70,"type":"binary-expr","locations":[{"start":{"line":70,"column":16},"end":{"line":70,"column":22},"skip":true},{"start":{"line":70,"column":27},"end":{"line":70,"column":32},"skip":true},{"start":{"line":71,"column":20},"end":{"line":71,"column":39},"skip":true},{"start":{"line":72,"column":20},"end":{"line":72,"column":49},"skip":true},{"start":{"line":73,"column":20},"end":{"line":73,"column":58},"skip":true},{"start":{"line":74,"column":20},"end":{"line":74,"column":69},"skip":true}]},"9":{"line":79,"type":"switch","locations":[{"start":{"line":80,"column":20},"end":{"line":80,"column":33},"skip":true},{"start":{"line":81,"column":20},"end":{"line":83,"column":30},"skip":true},{"start":{"line":84,"column":20},"end":{"line":85,"column":49},"skip":true}]},"10":{"line":89,"type":"switch","locations":[{"start":{"line":90,"column":12},"end":{"line":103,"column":22},"skip":true},{"start":{"line":105,"column":12},"end":{"line":106,"column":22},"skip":true}]},"11":{"line":89,"type":"binary-expr","locations":[{"start":{"line":89,"column":20},"end":{"line":89,"column":25},"skip":true},{"start":{"line":89,"column":29},"end":{"line":89,"column":48},"skip":true},{"start":{"line":89,"column":52},"end":{"line":89,"column":74},"skip":true}]},"12":{"line":92,"type":"if","locations":[{"start":{"line":92,"column":16},"end":{"line":92,"column":16},"skip":true},{"start":{"line":92,"column":16},"end":{"line":92,"column":16},"skip":true}]},"13":{"line":108,"type":"if","locations":[{"start":{"line":108,"column":12},"end":{"line":108,"column":12},"skip":true},{"start":{"line":108,"column":12},"end":{"line":108,"column":12},"skip":true}]},"14":{"line":108,"type":"binary-expr","locations":[{"start":{"line":108,"column":16},"end":{"line":108,"column":61},"skip":true},{"start":{"line":108,"column":66},"end":{"line":108,"column":72},"skip":true},{"start":{"line":108,"column":77},"end":{"line":108,"column":82},"skip":true},{"start":{"line":109,"column":20},"end":{"line":109,"column":39},"skip":true},{"start":{"line":110,"column":20},"end":{"line":110,"column":49},"skip":true},{"start":{"line":111,"column":20},"end":{"line":111,"column":58},"skip":true},{"start":{"line":112,"column":20},"end":{"line":112,"column":68},"skip":true}]},"15":{"line":129,"type":"if","locations":[{"start":{"line":129,"column":16},"end":{"line":129,"column":16},"skip":true},{"start":{"line":129,"column":16},"end":{"line":129,"column":16},"skip":true}]},"16":{"line":134,"type":"cond-expr","locations":[{"start":{"line":135,"column":26},"end":{"line":135,"column":29},"skip":true},{"start":{"line":136,"column":26},"end":{"line":136,"column":54},"skip":true}]},"17":{"line":164,"type":"binary-expr","locations":[{"start":{"line":164,"column":27},"end":{"line":164,"column":43},"skip":true},{"start":{"line":164,"column":47},"end":{"line":164,"column":49},"skip":true}]},"18":{"line":258,"type":"if","locations":[{"start":{"line":258,"column":8},"end":{"line":258,"column":8},"skip":true},{"start":{"line":258,"column":8},"end":{"line":258,"column":8},"skip":true}]},"19":{"line":275,"type":"switch","locations":[{"start":{"line":276,"column":20},"end":{"line":277,"column":64},"skip":true},{"start":{"line":278,"column":20},"end":{"line":279,"column":40},"skip":true},{"start":{"line":280,"column":20},"end":{"line":281,"column":40},"skip":true},{"start":{"line":282,"column":20},"end":{"line":283,"column":39},"skip":true}]},"20":{"line":288,"type":"if","locations":[{"start":{"line":288,"column":8},"end":{"line":288,"column":8},"skip":true},{"start":{"line":288,"column":8},"end":{"line":288,"column":8},"skip":true}]},"21":{"line":288,"type":"binary-expr","locations":[{"start":{"line":288,"column":12},"end":{"line":288,"column":40},"skip":true},{"start":{"line":288,"column":44},"end":{"line":288,"column":67},"skip":true}]},"22":{"line":292,"type":"binary-expr","locations":[{"start":{"line":292,"column":12},"end":{"line":292,"column":50},"skip":true},{"start":{"line":293,"column":12},"end":{"line":293,"column":53},"skip":true}]},"23":{"line":297,"type":"binary-expr","locations":[{"start":{"line":297,"column":12},"end":{"line":297,"column":61},"skip":true},{"start":{"line":298,"column":12},"end":{"line":301,"column":36},"skip":true}]},"24":{"line":303,"type":"binary-expr","locations":[{"start":{"line":303,"column":43},"end":{"line":303,"column":75},"skip":true},{"start":{"line":303,"column":79},"end":{"line":303,"column":81},"skip":true}]},"25":{"line":306,"type":"if","locations":[{"start":{"line":306,"column":8},"end":{"line":306,"column":8},"skip":true},{"start":{"line":306,"column":8},"end":{"line":306,"column":8},"skip":true}]},"26":{"line":310,"type":"if","locations":[{"start":{"line":310,"column":8},"end":{"line":310,"column":8},"skip":true},{"start":{"line":310,"column":8},"end":{"line":310,"column":8},"skip":true}]},"27":{"line":313,"type":"binary-expr","locations":[{"start":{"line":313,"column":27},"end":{"line":313,"column":43},"skip":true},{"start":{"line":313,"column":47},"end":{"line":313,"column":53},"skip":true}]},"28":{"line":317,"type":"if","locations":[{"start":{"line":317,"column":12},"end":{"line":317,"column":12},"skip":true},{"start":{"line":317,"column":12},"end":{"line":317,"column":12},"skip":true}]}},"code":["/*","example.js","","quickstart example","","instruction","    1. save this script as example.js","    2. run the shell command:","        $ npm install npmtest-vue && PORT=8081 node example.js","    3. play with the browser-demo on http://127.0.0.1:8081","*/","","","","/* istanbul instrument in package npmtest_vue */","/*jslint","    bitwise: true,","    browser: true,","    maxerr: 8,","    maxlen: 96,","    node: true,","    nomen: true,","    regexp: true,","    stupid: true","*/","(function () {","    'use strict';","    var local;","","","","    // run shared js-env code - pre-init","    (function () {","        // init local","        local = {};","        // init modeJs","        local.modeJs = (function () {","            try {","                return typeof navigator.userAgent === 'string' &&","                    typeof document.querySelector('body') === 'object' &&","                    typeof XMLHttpRequest.prototype.open === 'function' &&","                    'browser';","            } catch (errorCaughtBrowser) {","                return module.exports &&","                    typeof process.versions.node === 'string' &&","                    typeof require('http').createServer === 'function' &&","                    'node';","            }","        }());","        // init global","        local.global = local.modeJs === 'browser'","            ? window","            : global;","        // init utility2_rollup","        local = local.global.utility2_rollup || (local.modeJs === 'browser'","            ? local.global.utility2_npmtest_vue","            : global.utility2_moduleExports);","        // export local","        local.global.local = local;","    }());","    switch (local.modeJs) {","","","","    // post-init","    // run browser js-env code - post-init","    /* istanbul ignore next */","    case 'browser':","        local.testRunBrowser = function (event) {","            if (!event || (event &&","                    event.currentTarget &&","                    event.currentTarget.className &&","                    event.currentTarget.className.includes &&","                    event.currentTarget.className.includes('onreset'))) {","                // reset output","                Array.from(","                    document.querySelectorAll('body > .resettable')","                ).forEach(function (element) {","                    switch (element.tagName) {","                    case 'INPUT':","                    case 'TEXTAREA':","                        element.value = '';","                        break;","                    default:","                        element.textContent = '';","                    }","                });","            }","            switch (event && event.currentTarget && event.currentTarget.id) {","            case 'testRunButton1':","                // show tests","                if (document.querySelector('#testReportDiv1').style.display === 'none') {","                    document.querySelector('#testReportDiv1').style.display = 'block';","                    document.querySelector('#testRunButton1').textContent =","                        'hide internal test';","                    local.modeTest = true;","                    local.testRunDefault(local);","                // hide tests","                } else {","                    document.querySelector('#testReportDiv1').style.display = 'none';","                    document.querySelector('#testRunButton1').textContent = 'run internal test';","                }","                break;","            // custom-case","            default:","                break;","            }","            if (document.querySelector('#inputTextareaEval1') && (!event || (event &&","                    event.currentTarget &&","                    event.currentTarget.className &&","                    event.currentTarget.className.includes &&","                    event.currentTarget.className.includes('oneval')))) {","                // try to eval input-code","                try {","                    /*jslint evil: true*/","                    eval(document.querySelector('#inputTextareaEval1').value);","                } catch (errorCaught) {","                    console.error(errorCaught);","                }","            }","        };","        // log stderr and stdout to #outputTextareaStdout1","        ['error', 'log'].forEach(function (key) {","            console[key + '_original'] = console[key];","            console[key] = function () {","                var element;","                console[key + '_original'].apply(console, arguments);","                element = document.querySelector('#outputTextareaStdout1');","                if (!element) {","                    return;","                }","                // append text to #outputTextareaStdout1","                element.value += Array.from(arguments).map(function (arg) {","                    return typeof arg === 'string'","                        ? arg","                        : JSON.stringify(arg, null, 4);","                }).join(' ') + '\\n';","                // scroll textarea to bottom","                element.scrollTop = element.scrollHeight;","            };","        });","        // init event-handling","        ['change', 'click', 'keyup'].forEach(function (event) {","            Array.from(document.querySelectorAll('.on' + event)).forEach(function (element) {","                element.addEventListener(event, local.testRunBrowser);","            });","        });","        // run tests","        local.testRunBrowser();","        break;","","","","    // run node js-env code - post-init","    /* istanbul ignore next */","    case 'node':","        // export local","        module.exports = local;","        // require modules","        local.fs = require('fs');","        local.http = require('http');","        local.url = require('url');","        // init assets","        local.assetsDict = local.assetsDict || {};","        /* jslint-ignore-begin */","        local.assetsDict['/assets.index.template.html'] = '\\","<!doctype html>\\n\\","<html lang=\"en\">\\n\\","<head>\\n\\","<meta charset=\"UTF-8\">\\n\\","<meta name=\"viewport\" content=\"width=device-width, initial-scale=1\">\\n\\","<title>{{env.npm_package_name}} (v{{env.npm_package_version}})</title>\\n\\","<style>\\n\\","/*csslint\\n\\","    box-sizing: false,\\n\\","    universal-selector: false\\n\\","*/\\n\\","* {\\n\\","    box-sizing: border-box;\\n\\","}\\n\\","body {\\n\\","    background: #dde;\\n\\","    font-family: Arial, Helvetica, sans-serif;\\n\\","    margin: 2rem;\\n\\","}\\n\\","body > * {\\n\\","    margin-bottom: 1rem;\\n\\","}\\n\\",".utility2FooterDiv {\\n\\","    margin-top: 20px;\\n\\","    text-align: center;\\n\\","}\\n\\","</style>\\n\\","<style>\\n\\","/*csslint\\n\\","*/\\n\\","textarea {\\n\\","    font-family: monospace;\\n\\","    height: 10rem;\\n\\","    width: 100%;\\n\\","}\\n\\","textarea[readonly] {\\n\\","    background: #ddd;\\n\\","}\\n\\","</style>\\n\\","</head>\\n\\","<body>\\n\\","<!-- utility2-comment\\n\\","<div id=\"ajaxProgressDiv1\" style=\"background: #d00; height: 2px; left: 0; margin: 0; padding: 0; position: fixed; top: 0; transition: background 0.5s, width 1.5s; width: 25%;\"></div>\\n\\","utility2-comment -->\\n\\","<h1>\\n\\","<!-- utility2-comment\\n\\","    <a\\n\\","        {{#if env.npm_package_homepage}}\\n\\","        href=\"{{env.npm_package_homepage}}\"\\n\\","        {{/if env.npm_package_homepage}}\\n\\","        target=\"_blank\"\\n\\","    >\\n\\","utility2-comment -->\\n\\","        {{env.npm_package_name}} (v{{env.npm_package_version}})\\n\\","<!-- utility2-comment\\n\\","    </a>\\n\\","utility2-comment -->\\n\\","</h1>\\n\\","<h3>{{env.npm_package_description}}</h3>\\n\\","<!-- utility2-comment\\n\\","<h4><a download href=\"assets.app.js\">download standalone app</a></h4>\\n\\","<button class=\"onclick onreset\" id=\"testRunButton1\">run internal test</button><br>\\n\\","<div id=\"testReportDiv1\" style=\"display: none;\"></div>\\n\\","utility2-comment -->\\n\\","\\n\\","\\n\\","\\n\\","<label>stderr and stdout</label>\\n\\","<textarea class=\"resettable\" id=\"outputTextareaStdout1\" readonly></textarea>\\n\\","<!-- utility2-comment\\n\\","{{#if isRollup}}\\n\\","<script src=\"assets.app.js\"></script>\\n\\","{{#unless isRollup}}\\n\\","utility2-comment -->\\n\\","<script src=\"assets.utility2.rollup.js\"></script>\\n\\","<script src=\"jsonp.utility2._stateInit?callback=window.utility2._stateInit\"></script>\\n\\","<script src=\"assets.npmtest_vue.rollup.js\"></script>\\n\\","<script src=\"assets.example.js\"></script>\\n\\","<script src=\"assets.test.js\"></script>\\n\\","<!-- utility2-comment\\n\\","{{/if isRollup}}\\n\\","utility2-comment -->\\n\\","<div class=\"utility2FooterDiv\">\\n\\","    [ this app was created with\\n\\","    <a href=\"https://github.com/kaizhu256/node-utility2\" target=\"_blank\">utility2</a>\\n\\","    ]\\n\\","</div>\\n\\","</body>\\n\\","</html>\\n\\","';","        /* jslint-ignore-end */","        if (local.templateRender) {","            local.assetsDict['/'] = local.templateRender(","                local.assetsDict['/assets.index.template.html'],","                {","                    env: local.objectSetDefault(local.env, {","                        npm_package_description: 'the greatest app in the world!',","                        npm_package_name: 'my-app',","                        npm_package_nameAlias: 'my_app',","                        npm_package_version: '0.0.1'","                    })","                }","            );","        } else {","            local.assetsDict['/'] = local.assetsDict['/assets.index.template.html']","                .replace((/\\{\\{env\\.(\\w+?)\\}\\}/g), function (match0, match1) {","                    // jslint-hack","                    String(match0);","                    switch (match1) {","                    case 'npm_package_description':","                        return 'the greatest app in the world!';","                    case 'npm_package_name':","                        return 'my-app';","                    case 'npm_package_nameAlias':","                        return 'my_app';","                    case 'npm_package_version':","                        return '0.0.1';","                    }","                });","        }","        // run the cli","        if (local.global.utility2_rollup || module !== require.main) {","            break;","        }","        local.assetsDict['/assets.example.js'] =","            local.assetsDict['/assets.example.js'] ||","            local.fs.readFileSync(__filename, 'utf8');","        // bug-workaround - long $npm_package_buildCustomOrg","        /* jslint-ignore-begin */","        local.assetsDict['/assets.npmtest_vue.rollup.js'] =","            local.assetsDict['/assets.npmtest_vue.rollup.js'] ||","            local.fs.readFileSync(","                local.npmtest_vue.__dirname + '/lib.npmtest_vue.js',","                'utf8'","            ).replace((/^#!/), '//');","        /* jslint-ignore-end */","        local.assetsDict['/favicon.ico'] = local.assetsDict['/favicon.ico'] || '';","        // if $npm_config_timeout_exit exists,","        // then exit this process after $npm_config_timeout_exit ms","        if (Number(process.env.npm_config_timeout_exit)) {","            setTimeout(process.exit, Number(process.env.npm_config_timeout_exit));","        }","        // start server","        if (local.global.utility2_serverHttp1) {","            break;","        }","        process.env.PORT = process.env.PORT || '8081';","        console.error('server starting on port ' + process.env.PORT);","        local.http.createServer(function (request, response) {","            request.urlParsed = local.url.parse(request.url);","            if (local.assetsDict[request.urlParsed.pathname] !== undefined) {","                response.end(local.assetsDict[request.urlParsed.pathname]);","                return;","            }","            response.statusCode = 404;","            response.end();","        }).listen(process.env.PORT);","        break;","    }","}());",""],"l":{"26":2,"28":2,"33":2,"35":2,"37":2,"38":2,"39":2,"44":1,"51":2,"55":2,"59":2,"61":2,"69":1,"70":2,"76":2,"79":2,"82":2,"83":2,"85":1,"89":2,"92":1,"93":1,"94":1,"96":1,"97":1,"100":1,"101":1,"103":1,"106":1,"108":2,"114":1,"116":1,"118":1,"123":1,"124":2,"125":2,"126":3,"127":3,"128":3,"129":3,"130":1,"133":3,"134":3,"139":3,"143":1,"144":3,"145":1,"149":1,"150":1,"158":1,"160":1,"161":1,"162":1,"164":1,"166":1,"258":1,"259":1,"271":1,"274":6,"275":6,"277":1,"279":2,"281":1,"283":2,"288":1,"289":1,"291":1,"296":1,"303":1,"306":1,"307":1,"310":1,"311":1,"313":1,"314":1,"315":1,"316":1,"317":1,"318":1,"319":1,"321":1,"322":1,"324":1}},"/home/travis/build/npmtest/node-npmtest-vue/node_modules/vue/dist/vue.runtime.common.js":{"path":"/home/travis/build/npmtest/node-npmtest-vue/node_modules/vue/dist/vue.runtime.common.js","s":{"1":1,"2":0,"3":1,"4":0,"5":0,"6":1,"7":9,"8":9,"9":9,"10":230,"11":9,"12":0,"13":0,"14":1,"15":1,"16":0,"17":0,"18":0,"19":0,"20":1,"21":1,"22":0,"23":1,"24":0,"25":1,"26":7,"27":7,"28":0,"29":0,"30":1,"31":1,"32":0,"33":0,"34":1,"35":0,"36":1,"37":1,"38":0,"39":1,"40":1,"41":0,"42":0,"43":0,"44":0,"45":1,"46":0,"47":0,"48":0,"49":0,"50":0,"51":0,"52":1,"53":4,"54":20,"55":4,"56":1,"57":0,"58":1,"59":1,"60":1,"61":0,"62":1,"63":0,"64":0,"65":0,"66":0,"67":0,"68":1,"69":1,"70":0,"71":1,"72":0,"73":1,"74":0,"75":0,"76":0,"77":0,"78":0,"79":0,"80":0,"81":0,"82":0,"83":1,"84":0,"85":0,"86":0,"87":0,"88":1,"89":0,"90":0,"91":0,"92":0,"93":0,"94":1,"95":1,"96":1,"97":0,"98":0,"99":1,"100":7,"101":1,"102":1,"103":0,"104":0,"105":0,"106":0,"107":0,"108":0,"109":0,"110":0,"111":0,"112":1,"113":1,"114":1,"115":1,"116":1,"117":1,"118":1,"119":1,"120":1,"121":1,"122":1,"123":0,"124":0,"125":0,"126":0,"127":0,"128":1,"129":1,"130":4,"131":1,"132":1,"133":1,"134":1,"135":1,"136":1,"137":0,"138":0,"139":0,"140":0,"141":0,"142":1,"143":1,"144":1,"145":0,"146":1,"147":0,"148":0,"149":0,"150":0,"151":0,"152":0,"153":0,"154":0,"155":0,"156":0,"157":0,"158":0,"159":0,"160":1,"161":0,"162":0,"163":0,"164":0,"165":0,"166":0,"167":0,"168":0,"169":0,"170":0,"171":0,"172":0,"173":1,"174":1,"175":1,"176":0,"177":1,"178":0,"179":0,"180":0,"181":0,"182":0,"183":0,"184":0,"185":0,"186":1,"187":1,"188":1,"189":1,"190":1,"191":1,"192":1,"193":0,"194":0,"195":1,"196":0,"197":0,"198":1,"199":0,"200":0,"201":1,"202":0,"203":0,"204":0,"205":0,"206":0,"207":0,"208":0,"209":0,"210":1,"211":0,"212":0,"213":0,"214":1,"215":1,"216":0,"217":0,"218":1,"219":0,"220":1,"221":0,"222":1,"223":0,"224":0,"225":1,"226":0,"227":0,"228":0,"229":1,"230":1,"231":1,"232":0,"233":0,"234":0,"235":1,"236":0,"237":1,"238":1,"239":1,"240":7,"241":7,"242":0,"243":0,"244":0,"245":0,"246":0,"247":0,"248":0,"249":0,"250":0,"251":0,"252":0,"253":0,"254":0,"255":0,"256":0,"257":0,"258":0,"259":0,"260":0,"261":1,"262":1,"263":1,"264":0,"265":0,"266":0,"267":0,"268":0,"269":0,"270":0,"271":0,"272":0,"273":1,"274":0,"275":0,"276":0,"277":1,"278":0,"279":0,"280":1,"281":0,"282":1,"283":0,"284":0,"285":0,"286":1,"287":0,"288":0,"289":0,"290":0,"291":0,"292":0,"293":0,"294":0,"295":0,"296":0,"297":1,"298":0,"299":0,"300":0,"301":0,"302":0,"303":0,"304":0,"305":0,"306":0,"307":0,"308":0,"309":0,"310":0,"311":0,"312":0,"313":0,"314":0,"315":0,"316":0,"317":0,"318":0,"319":0,"320":0,"321":0,"322":0,"323":0,"324":1,"325":0,"326":0,"327":0,"328":0,"329":0,"330":0,"331":0,"332":0,"333":0,"334":0,"335":0,"336":0,"337":0,"338":0,"339":0,"340":0,"341":0,"342":1,"343":0,"344":0,"345":0,"346":0,"347":0,"348":0,"349":0,"350":0,"351":0,"352":0,"353":0,"354":0,"355":0,"356":1,"357":0,"358":0,"359":0,"360":0,"361":0,"362":1,"363":1,"364":1,"365":0,"366":0,"367":0,"368":1,"369":0,"370":0,"371":0,"372":0,"373":0,"374":0,"375":0,"376":0,"377":0,"378":0,"379":0,"380":0,"381":0,"382":1,"383":0,"384":0,"385":0,"386":0,"387":0,"388":0,"389":0,"390":0,"391":0,"392":0,"393":0,"394":0,"395":0,"396":0,"397":0,"398":0,"399":0,"400":1,"401":0,"402":1,"403":10,"404":1,"405":0,"406":0,"407":1,"408":3,"409":1,"410":0,"411":0,"412":0,"413":0,"414":0,"415":0,"416":0,"417":0,"418":0,"419":0,"420":0,"421":0,"422":0,"423":1,"424":0,"425":0,"426":0,"427":0,"428":0,"429":0,"430":0,"431":0,"432":1,"433":0,"434":1,"435":0,"436":0,"437":0,"438":0,"439":1,"440":0,"441":0,"442":0,"443":0,"444":0,"445":0,"446":0,"447":0,"448":0,"449":0,"450":0,"451":0,"452":0,"453":0,"454":0,"455":0,"456":0,"457":0,"458":0,"459":0,"460":1,"461":0,"462":0,"463":0,"464":0,"465":0,"466":0,"467":1,"468":0,"469":0,"470":0,"471":0,"472":0,"473":0,"474":0,"475":0,"476":0,"477":0,"478":0,"479":0,"480":0,"481":0,"482":0,"483":0,"484":0,"485":0,"486":0,"487":0,"488":1,"489":0,"490":0,"491":0,"492":1,"493":0,"494":0,"495":0,"496":0,"497":0,"498":0,"499":0,"500":0,"501":0,"502":0,"503":0,"504":0,"505":0,"506":0,"507":0,"508":1,"509":0,"510":0,"511":0,"512":0,"513":0,"514":0,"515":0,"516":0,"517":0,"518":0,"519":0,"520":0,"521":0,"522":0,"523":0,"524":0,"525":0,"526":1,"527":0,"528":0,"529":0,"530":0,"531":0,"532":0,"533":0,"534":0,"535":1,"536":0,"537":0,"538":0,"539":0,"540":0,"541":0,"542":0,"543":0,"544":0,"545":0,"546":0,"547":0,"548":0,"549":0,"550":0,"551":0,"552":0,"553":0,"554":0,"555":0,"556":0,"557":0,"558":1,"559":0,"560":0,"561":0,"562":0,"563":0,"564":0,"565":0,"566":0,"567":0,"568":0,"569":0,"570":0,"571":0,"572":0,"573":0,"574":0,"575":1,"576":0,"577":0,"578":1,"579":0,"580":0,"581":0,"582":0,"583":0,"584":0,"585":1,"586":0,"587":0,"588":0,"589":0,"590":0,"591":0,"592":0,"593":1,"594":1,"595":1,"596":1,"597":0,"598":1,"599":1,"600":1,"601":1,"602":0,"603":0,"604":0,"605":0,"606":0,"607":1,"608":0,"609":0,"610":0,"611":0,"612":0,"613":1,"614":0,"615":0,"616":0,"617":1,"618":0,"619":0,"620":0,"621":0,"622":0,"623":1,"624":1,"625":1,"626":1,"627":1,"628":0,"629":0,"630":0,"631":0,"632":0,"633":0,"634":0,"635":1,"636":1,"637":1,"638":1,"639":1,"640":1,"641":1,"642":1,"643":1,"644":1,"645":1,"646":1,"647":1,"648":1,"649":1,"650":1,"651":1,"652":1,"653":1,"654":1,"655":1,"656":0,"657":1,"658":1,"659":0,"660":0,"661":0,"662":0,"663":1,"664":0,"665":1,"666":0,"667":0,"668":0,"669":0,"670":0,"671":0,"672":1,"673":0,"674":0,"675":0,"676":0,"677":0,"678":1,"679":0,"680":0,"681":0,"682":0,"683":0,"684":1,"685":1,"686":0,"687":0,"688":0,"689":0,"690":0,"691":0,"692":0,"693":0,"694":1,"695":0,"696":0,"697":0,"698":0,"699":0,"700":0,"701":0,"702":0,"703":0,"704":0,"705":0,"706":0,"707":0,"708":0,"709":0,"710":0,"711":0,"712":0,"713":1,"714":0,"715":0,"716":1,"717":0,"718":0,"719":0,"720":0,"721":0,"722":0,"723":0,"724":0,"725":0,"726":0,"727":1,"728":0,"729":0,"730":0,"731":0,"732":1,"733":0,"734":1,"735":0,"736":0,"737":0,"738":0,"739":0,"740":0,"741":0,"742":0,"743":0,"744":0,"745":0,"746":0,"747":0,"748":0,"749":0,"750":0,"751":0,"752":0,"753":0,"754":0,"755":1,"756":0,"757":0,"758":1,"759":0,"760":0,"761":0,"762":0,"763":0,"764":1,"765":1,"766":0,"767":0,"768":0,"769":1,"770":0,"771":1,"772":0,"773":0,"774":1,"775":1,"776":1,"777":0,"778":0,"779":0,"780":0,"781":0,"782":0,"783":0,"784":0,"785":0,"786":1,"787":0,"788":1,"789":0,"790":0,"791":0,"792":0,"793":0,"794":1,"795":0,"796":0,"797":0,"798":0,"799":0,"800":0,"801":0,"802":0,"803":0,"804":0,"805":0,"806":0,"807":0,"808":0,"809":0,"810":0,"811":0,"812":0,"813":0,"814":0,"815":0,"816":0,"817":0,"818":1,"819":0,"820":0,"821":0,"822":0,"823":0,"824":0,"825":0,"826":0,"827":0,"828":0,"829":0,"830":0,"831":1,"832":0,"833":0,"834":0,"835":0,"836":0,"837":0,"838":0,"839":0,"840":0,"841":0,"842":0,"843":0,"844":0,"845":0,"846":0,"847":0,"848":1,"849":0,"850":1,"851":0,"852":0,"853":0,"854":0,"855":1,"856":1,"857":0,"858":0,"859":0,"860":0,"861":0,"862":0,"863":0,"864":0,"865":0,"866":0,"867":0,"868":0,"869":0,"870":0,"871":0,"872":0,"873":1,"874":1,"875":0,"876":0,"877":0,"878":0,"879":0,"880":0,"881":0,"882":0,"883":0,"884":0,"885":0,"886":0,"887":0,"888":0,"889":0,"890":0,"891":0,"892":0,"893":1,"894":0,"895":0,"896":0,"897":1,"898":0,"899":0,"900":0,"901":0,"902":0,"903":0,"904":0,"905":0,"906":0,"907":0,"908":0,"909":0,"910":0,"911":0,"912":0,"913":0,"914":0,"915":0,"916":0,"917":0,"918":0,"919":0,"920":1,"921":0,"922":0,"923":0,"924":0,"925":0,"926":0,"927":0,"928":0,"929":0,"930":0,"931":0,"932":0,"933":0,"934":0,"935":0,"936":0,"937":0,"938":0,"939":0,"940":0,"941":0,"942":0,"943":0,"944":0,"945":0,"946":0,"947":0,"948":0,"949":0,"950":0,"951":0,"952":1,"953":0,"954":0,"955":0,"956":0,"957":0,"958":0,"959":0,"960":0,"961":0,"962":0,"963":0,"964":0,"965":0,"966":0,"967":0,"968":0,"969":0,"970":0,"971":0,"972":0,"973":0,"974":0,"975":0,"976":0,"977":0,"978":0,"979":1,"980":0,"981":0,"982":0,"983":0,"984":1,"985":0,"986":0,"987":0,"988":0,"989":0,"990":0,"991":0,"992":0,"993":0,"994":0,"995":0,"996":1,"997":0,"998":0,"999":0,"1000":0,"1001":0,"1002":0,"1003":0,"1004":0,"1005":0,"1006":1,"1007":0,"1008":0,"1009":0,"1010":0,"1011":0,"1012":0,"1013":0,"1014":0,"1015":1,"1016":1,"1017":1,"1018":1,"1019":1,"1020":1,"1021":1,"1022":0,"1023":0,"1024":0,"1025":0,"1026":0,"1027":1,"1028":0,"1029":0,"1030":0,"1031":0,"1032":0,"1033":0,"1034":0,"1035":0,"1036":0,"1037":0,"1038":0,"1039":0,"1040":0,"1041":0,"1042":0,"1043":0,"1044":0,"1045":0,"1046":0,"1047":0,"1048":0,"1049":0,"1050":0,"1051":0,"1052":1,"1053":0,"1054":0,"1055":0,"1056":0,"1057":0,"1058":0,"1059":0,"1060":0,"1061":0,"1062":0,"1063":0,"1064":0,"1065":1,"1066":1,"1067":0,"1068":0,"1069":0,"1070":0,"1071":0,"1072":0,"1073":0,"1074":0,"1075":0,"1076":0,"1077":0,"1078":0,"1079":0,"1080":0,"1081":0,"1082":0,"1083":0,"1084":0,"1085":0,"1086":0,"1087":0,"1088":0,"1089":0,"1090":0,"1091":1,"1092":0,"1093":0,"1094":0,"1095":0,"1096":0,"1097":0,"1098":0,"1099":0,"1100":0,"1101":0,"1102":0,"1103":0,"1104":0,"1105":1,"1106":0,"1107":0,"1108":0,"1109":0,"1110":0,"1111":0,"1112":1,"1113":0,"1114":0,"1115":0,"1116":0,"1117":0,"1118":0,"1119":0,"1120":0,"1121":0,"1122":0,"1123":0,"1124":0,"1125":0,"1126":0,"1127":1,"1128":0,"1129":0,"1130":0,"1131":0,"1132":0,"1133":1,"1134":0,"1135":0,"1136":0,"1137":0,"1138":0,"1139":0,"1140":0,"1141":0,"1142":0,"1143":0,"1144":1,"1145":0,"1146":0,"1147":1,"1148":0,"1149":0,"1150":0,"1151":0,"1152":1,"1153":0,"1154":0,"1155":0,"1156":0,"1157":0,"1158":0,"1159":0,"1160":0,"1161":1,"1162":1,"1163":0,"1164":0,"1165":1,"1166":0,"1167":0,"1168":0,"1169":0,"1170":0,"1171":0,"1172":0,"1173":0,"1174":0,"1175":0,"1176":0,"1177":0,"1178":0,"1179":0,"1180":0,"1181":0,"1182":0,"1183":1,"1184":1,"1185":0,"1186":0,"1187":0,"1188":0,"1189":0,"1190":1,"1191":0,"1192":0,"1193":0,"1194":0,"1195":0,"1196":0,"1197":0,"1198":0,"1199":0,"1200":0,"1201":0,"1202":0,"1203":0,"1204":1,"1205":1,"1206":0,"1207":0,"1208":0,"1209":0,"1210":0,"1211":0,"1212":0,"1213":0,"1214":0,"1215":0,"1216":0,"1217":0,"1218":0,"1219":0,"1220":0,"1221":0,"1222":0,"1223":0,"1224":0,"1225":0,"1226":1,"1227":0,"1228":0,"1229":0,"1230":0,"1231":0,"1232":0,"1233":0,"1234":0,"1235":0,"1236":0,"1237":0,"1238":0,"1239":0,"1240":0,"1241":1,"1242":0,"1243":0,"1244":0,"1245":0,"1246":1,"1247":1,"1248":0,"1249":0,"1250":0,"1251":0,"1252":0,"1253":0,"1254":0,"1255":0,"1256":0,"1257":0,"1258":0,"1259":1,"1260":0,"1261":0,"1262":0,"1263":0,"1264":0,"1265":0,"1266":1,"1267":0,"1268":0,"1269":0,"1270":0,"1271":0,"1272":0,"1273":0,"1274":0,"1275":1,"1276":0,"1277":0,"1278":0,"1279":0,"1280":0,"1281":0,"1282":0,"1283":0,"1284":1,"1285":0,"1286":0,"1287":0,"1288":0,"1289":0,"1290":0,"1291":1,"1292":0,"1293":0,"1294":0,"1295":0,"1296":0,"1297":0,"1298":0,"1299":1,"1300":1,"1301":1,"1302":0,"1303":1,"1304":1,"1305":0,"1306":1,"1307":1,"1308":0,"1309":1,"1310":0,"1311":1,"1312":1,"1313":1,"1314":1,"1315":1,"1316":0,"1317":0,"1318":0,"1319":0,"1320":0,"1321":0,"1322":0,"1323":0,"1324":1,"1325":0,"1326":0,"1327":0,"1328":0,"1329":0,"1330":0,"1331":0,"1332":0,"1333":0,"1334":0,"1335":0,"1336":0,"1337":0,"1338":0,"1339":0,"1340":0,"1341":0,"1342":0,"1343":1,"1344":1,"1345":0,"1346":0,"1347":0,"1348":0,"1349":0,"1350":0,"1351":0,"1352":0,"1353":0,"1354":0,"1355":0,"1356":0,"1357":0,"1358":0,"1359":0,"1360":0,"1361":0,"1362":0,"1363":0,"1364":0,"1365":0,"1366":0,"1367":0,"1368":0,"1369":0,"1370":0,"1371":0,"1372":0,"1373":0,"1374":0,"1375":0,"1376":1,"1377":0,"1378":0,"1379":0,"1380":0,"1381":0,"1382":0,"1383":0,"1384":0,"1385":0,"1386":0,"1387":0,"1388":0,"1389":0,"1390":0,"1391":0,"1392":1,"1393":0,"1394":0,"1395":0,"1396":0,"1397":0,"1398":0,"1399":0,"1400":1,"1401":0,"1402":0,"1403":0,"1404":0,"1405":0,"1406":0,"1407":0,"1408":0,"1409":0,"1410":0,"1411":0,"1412":0,"1413":0,"1414":0,"1415":0,"1416":0,"1417":0,"1418":0,"1419":0,"1420":1,"1421":0,"1422":0,"1423":0,"1424":0,"1425":0,"1426":0,"1427":0,"1428":0,"1429":0,"1430":0,"1431":0,"1432":0,"1433":0,"1434":0,"1435":0,"1436":0,"1437":1,"1438":0,"1439":0,"1440":0,"1441":0,"1442":0,"1443":0,"1444":0,"1445":0,"1446":0,"1447":0,"1448":0,"1449":0,"1450":1,"1451":0,"1452":0,"1453":0,"1454":0,"1455":0,"1456":0,"1457":0,"1458":1,"1459":0,"1460":0,"1461":0,"1462":1,"1463":0,"1464":0,"1465":0,"1466":0,"1467":0,"1468":0,"1469":0,"1470":1,"1471":1,"1472":1,"1473":0,"1474":0,"1475":0,"1476":0,"1477":0,"1478":0,"1479":0,"1480":1,"1481":0,"1482":0,"1483":0,"1484":0,"1485":0,"1486":0,"1487":0,"1488":0,"1489":0,"1490":0,"1491":0,"1492":0,"1493":0,"1494":0,"1495":0,"1496":0,"1497":0,"1498":0,"1499":0,"1500":0,"1501":0,"1502":0,"1503":0,"1504":0,"1505":0,"1506":0,"1507":0,"1508":0,"1509":1,"1510":0,"1511":0,"1512":0,"1513":0,"1514":0,"1515":0,"1516":0,"1517":0,"1518":1,"1519":0,"1520":0,"1521":0,"1522":0,"1523":0,"1524":0,"1525":0,"1526":0,"1527":0,"1528":0,"1529":0,"1530":0,"1531":0,"1532":0,"1533":0,"1534":0,"1535":1,"1536":0,"1537":0,"1538":0,"1539":0,"1540":0,"1541":0,"1542":0,"1543":0,"1544":0,"1545":0,"1546":0,"1547":1,"1548":0,"1549":1,"1550":0,"1551":0,"1552":0,"1553":0,"1554":1,"1555":0,"1556":0,"1557":0,"1558":0,"1559":0,"1560":0,"1561":0,"1562":0,"1563":0,"1564":0,"1565":0,"1566":0,"1567":0,"1568":0,"1569":1,"1570":0,"1571":0,"1572":0,"1573":0,"1574":0,"1575":0,"1576":1,"1577":0,"1578":0,"1579":1,"1580":0,"1581":0,"1582":0,"1583":0,"1584":0,"1585":1,"1586":0,"1587":0,"1588":0,"1589":1,"1590":0,"1591":0,"1592":0,"1593":0,"1594":0,"1595":0,"1596":0,"1597":0,"1598":0,"1599":0,"1600":0,"1601":1,"1602":1,"1603":0,"1604":1,"1605":0,"1606":0,"1607":0,"1608":0,"1609":0,"1610":0,"1611":0,"1612":0,"1613":0,"1614":0,"1615":0,"1616":0,"1617":0,"1618":0,"1619":0,"1620":0,"1621":0,"1622":0,"1623":0,"1624":0,"1625":0,"1626":0,"1627":0,"1628":0,"1629":0,"1630":1,"1631":1,"1632":1,"1633":1,"1634":1,"1635":1,"1636":1,"1637":1,"1638":1,"1639":1,"1640":1,"1641":1,"1642":1,"1643":1,"1644":1,"1645":0,"1646":0,"1647":0,"1648":1,"1649":0,"1650":0,"1651":0,"1652":0,"1653":0,"1654":0,"1655":0,"1656":0,"1657":0,"1658":0,"1659":0,"1660":0,"1661":0,"1662":0,"1663":0,"1664":0,"1665":0,"1666":0,"1667":1,"1668":1,"1669":1,"1670":0,"1671":0,"1672":0,"1673":0,"1674":0,"1675":0,"1676":0,"1677":0,"1678":0,"1679":0,"1680":0,"1681":0,"1682":0,"1683":0,"1684":0,"1685":0,"1686":0,"1687":0,"1688":0,"1689":0,"1690":0,"1691":0,"1692":0,"1693":0,"1694":0,"1695":0,"1696":0,"1697":0,"1698":0,"1699":1,"1700":0,"1701":0,"1702":0,"1703":0,"1704":0,"1705":0,"1706":0,"1707":0,"1708":0,"1709":0,"1710":0,"1711":0,"1712":1,"1713":0,"1714":0,"1715":0,"1716":0,"1717":0,"1718":0,"1719":0,"1720":0,"1721":0,"1722":0,"1723":0,"1724":0,"1725":0,"1726":1,"1727":0,"1728":0,"1729":0,"1730":0,"1731":0,"1732":0,"1733":0,"1734":0,"1735":0,"1736":1,"1737":0,"1738":0,"1739":0,"1740":0,"1741":0,"1742":0,"1743":0,"1744":0,"1745":1,"1746":0,"1747":0,"1748":0,"1749":1,"1750":1,"1751":1,"1752":1,"1753":1,"1754":1,"1755":1,"1756":0,"1757":0,"1758":0,"1759":0,"1760":0,"1761":0,"1762":0,"1763":0,"1764":0,"1765":0,"1766":1,"1767":1,"1768":0,"1769":1,"1770":1,"1771":1,"1772":1,"1773":0,"1774":0,"1775":0,"1776":0,"1777":0,"1778":0,"1779":0,"1780":0,"1781":0,"1782":0,"1783":0,"1784":0,"1785":0,"1786":0,"1787":0,"1788":0,"1789":0,"1790":0,"1791":0,"1792":0,"1793":0,"1794":0,"1795":0,"1796":0,"1797":0,"1798":0,"1799":0,"1800":0,"1801":0,"1802":0,"1803":0,"1804":0,"1805":0,"1806":1,"1807":0,"1808":0,"1809":0,"1810":1,"1811":0,"1812":0,"1813":0,"1814":1,"1815":1,"1816":3,"1817":0,"1818":0,"1819":0,"1820":0,"1821":0,"1822":0,"1823":0,"1824":0,"1825":0,"1826":0,"1827":0,"1828":0,"1829":1,"1830":1,"1831":0,"1832":1,"1833":0,"1834":0,"1835":0,"1836":0,"1837":0,"1838":1,"1839":0,"1840":0,"1841":0,"1842":0,"1843":0,"1844":0,"1845":0,"1846":1,"1847":0,"1848":0,"1849":0,"1850":0,"1851":1,"1852":0,"1853":0,"1854":0,"1855":0,"1856":0,"1857":0,"1858":0,"1859":0,"1860":0,"1861":0,"1862":0,"1863":0,"1864":0,"1865":0,"1866":0,"1867":0,"1868":0,"1869":0,"1870":0,"1871":0,"1872":1,"1873":1,"1874":1,"1875":1,"1876":4,"1877":1,"1878":1,"1879":0,"1880":1,"1881":1,"1882":1,"1883":1,"1884":1,"1885":1,"1886":1,"1887":3,"1888":1,"1889":1,"1890":1,"1891":1,"1892":1,"1893":1,"1894":1,"1895":1,"1896":1,"1897":1,"1898":1,"1899":0,"1900":1,"1901":1,"1902":1,"1903":1,"1904":0,"1905":1,"1906":0,"1907":1,"1908":0,"1909":1,"1910":0,"1911":0,"1912":0,"1913":0,"1914":0,"1915":0,"1916":0,"1917":0,"1918":0,"1919":0,"1920":0,"1921":1,"1922":0,"1923":1,"1924":0,"1925":0,"1926":0,"1927":0,"1928":0,"1929":1,"1930":0,"1931":1,"1932":0,"1933":0,"1934":0,"1935":0,"1936":0,"1937":0,"1938":0,"1939":0,"1940":0,"1941":0,"1942":0,"1943":0,"1944":0,"1945":0,"1946":0,"1947":0,"1948":0,"1949":0,"1950":1,"1951":1,"1952":1,"1953":1,"1954":0,"1955":1,"1956":0,"1957":0,"1958":0,"1959":0,"1960":1,"1961":1,"1962":0,"1963":0,"1964":0,"1965":0,"1966":0,"1967":0,"1968":0,"1969":0,"1970":0,"1971":0,"1972":0,"1973":1,"1974":0,"1975":0,"1976":0,"1977":0,"1978":0,"1979":0,"1980":0,"1981":1,"1982":0,"1983":0,"1984":0,"1985":0,"1986":0,"1987":0,"1988":1,"1989":0,"1990":1,"1991":0,"1992":1,"1993":0,"1994":1,"1995":0,"1996":1,"1997":0,"1998":1,"1999":0,"2000":1,"2001":0,"2002":1,"2003":0,"2004":1,"2005":0,"2006":1,"2007":0,"2008":1,"2009":0,"2010":1,"2011":1,"2012":0,"2013":0,"2014":0,"2015":0,"2016":0,"2017":1,"2018":0,"2019":0,"2020":0,"2021":0,"2022":0,"2023":0,"2024":0,"2025":0,"2026":0,"2027":0,"2028":0,"2029":0,"2030":0,"2031":0,"2032":0,"2033":0,"2034":1,"2035":1,"2036":1,"2037":0,"2038":1,"2039":40,"2040":1,"2041":0,"2042":1,"2043":0,"2044":1,"2045":0,"2046":0,"2047":0,"2048":0,"2049":0,"2050":0,"2051":1,"2052":0,"2053":0,"2054":0,"2055":0,"2056":0,"2057":0,"2058":0,"2059":1,"2060":1,"2061":1,"2062":1,"2063":1,"2064":1,"2065":5,"2066":5,"2067":40,"2068":16,"2069":1,"2070":0,"2071":1,"2072":1,"2073":0,"2074":0,"2075":0,"2076":0,"2077":1,"2078":0,"2079":0,"2080":0,"2081":1,"2082":1,"2083":0,"2084":0,"2085":0,"2086":0,"2087":0,"2088":0,"2089":0,"2090":0,"2091":0,"2092":0,"2093":0,"2094":0,"2095":0,"2096":0,"2097":0,"2098":0,"2099":0,"2100":0,"2101":0,"2102":0,"2103":0,"2104":0,"2105":0,"2106":0,"2107":0,"2108":1,"2109":0,"2110":0,"2111":0,"2112":0,"2113":0,"2114":0,"2115":0,"2116":0,"2117":0,"2118":0,"2119":1,"2120":0,"2121":0,"2122":0,"2123":0,"2124":0,"2125":0,"2126":0,"2127":0,"2128":1,"2129":0,"2130":0,"2131":0,"2132":0,"2133":0,"2134":0,"2135":0,"2136":0,"2137":0,"2138":0,"2139":1,"2140":0,"2141":0,"2142":0,"2143":0,"2144":1,"2145":0,"2146":0,"2147":0,"2148":0,"2149":0,"2150":1,"2151":0,"2152":0,"2153":0,"2154":1,"2155":0,"2156":0,"2157":0,"2158":0,"2159":0,"2160":0,"2161":0,"2162":0,"2163":1,"2164":0,"2165":0,"2166":0,"2167":0,"2168":0,"2169":0,"2170":0,"2171":0,"2172":1,"2173":0,"2174":0,"2175":1,"2176":0,"2177":0,"2178":0,"2179":0,"2180":0,"2181":0,"2182":0,"2183":0,"2184":0,"2185":0,"2186":1,"2187":0,"2188":0,"2189":0,"2190":0,"2191":0,"2192":0,"2193":0,"2194":1,"2195":0,"2196":0,"2197":0,"2198":0,"2199":0,"2200":0,"2201":0,"2202":0,"2203":0,"2204":0,"2205":0,"2206":0,"2207":0,"2208":1,"2209":0,"2210":0,"2211":0,"2212":0,"2213":0,"2214":0,"2215":0,"2216":0,"2217":0,"2218":0,"2219":0,"2220":0,"2221":0,"2222":0,"2223":0,"2224":0,"2225":0,"2226":0,"2227":0,"2228":0,"2229":0,"2230":0,"2231":0,"2232":0,"2233":0,"2234":0,"2235":0,"2236":0,"2237":0,"2238":0,"2239":0,"2240":0,"2241":0,"2242":0,"2243":0,"2244":0,"2245":0,"2246":0,"2247":0,"2248":0,"2249":0,"2250":0,"2251":0,"2252":0,"2253":0,"2254":0,"2255":0,"2256":0,"2257":0,"2258":0,"2259":0,"2260":0,"2261":0,"2262":0,"2263":1,"2264":0,"2265":0,"2266":0,"2267":0,"2268":0,"2269":0,"2270":0,"2271":0,"2272":0,"2273":0,"2274":0,"2275":0,"2276":0,"2277":0,"2278":0,"2279":0,"2280":0,"2281":0,"2282":0,"2283":0,"2284":0,"2285":0,"2286":0,"2287":0,"2288":0,"2289":0,"2290":0,"2291":0,"2292":0,"2293":0,"2294":0,"2295":0,"2296":0,"2297":0,"2298":0,"2299":1,"2300":0,"2301":0,"2302":0,"2303":0,"2304":1,"2305":1,"2306":1,"2307":0,"2308":0,"2309":0,"2310":0,"2311":0,"2312":0,"2313":0,"2314":0,"2315":0,"2316":0,"2317":0,"2318":0,"2319":0,"2320":0,"2321":0,"2322":0,"2323":0,"2324":0,"2325":0,"2326":0,"2327":0,"2328":0,"2329":0,"2330":0,"2331":0,"2332":0,"2333":0,"2334":0,"2335":0,"2336":0,"2337":0,"2338":0,"2339":0,"2340":0,"2341":0,"2342":0,"2343":0,"2344":0,"2345":1,"2346":0,"2347":0,"2348":0,"2349":1,"2350":0,"2351":0,"2352":0,"2353":0,"2354":0,"2355":0,"2356":0,"2357":0,"2358":0,"2359":0,"2360":0,"2361":0,"2362":0,"2363":0,"2364":0,"2365":0,"2366":0,"2367":0,"2368":0,"2369":0,"2370":0,"2371":0,"2372":0,"2373":0,"2374":0,"2375":0,"2376":0,"2377":0,"2378":0,"2379":0,"2380":0,"2381":0,"2382":0,"2383":0,"2384":0,"2385":0,"2386":0,"2387":0,"2388":0,"2389":0,"2390":1,"2391":0,"2392":1,"2393":0,"2394":0,"2395":1,"2396":0,"2397":0,"2398":0,"2399":0,"2400":0,"2401":0,"2402":0,"2403":0,"2404":0,"2405":0,"2406":0,"2407":0,"2408":0,"2409":0,"2410":0,"2411":0,"2412":0,"2413":0,"2414":0,"2415":0,"2416":0,"2417":0,"2418":0,"2419":0,"2420":0,"2421":0,"2422":0,"2423":0,"2424":0,"2425":0,"2426":0,"2427":0,"2428":0,"2429":1,"2430":1,"2431":0,"2432":0,"2433":0,"2434":0,"2435":0,"2436":0,"2437":0,"2438":0,"2439":0,"2440":0,"2441":0,"2442":1,"2443":0,"2444":1,"2445":0,"2446":0,"2447":0,"2448":1,"2449":1,"2450":0,"2451":0,"2452":0,"2453":0,"2454":0,"2455":0,"2456":0,"2457":0,"2458":0,"2459":0,"2460":0,"2461":0,"2462":0,"2463":0,"2464":0,"2465":0,"2466":0,"2467":0,"2468":0,"2469":0,"2470":0,"2471":1,"2472":0,"2473":0,"2474":0,"2475":0,"2476":0,"2477":0,"2478":0,"2479":0,"2480":0,"2481":0,"2482":0,"2483":0,"2484":0,"2485":1,"2486":1,"2487":0,"2488":0,"2489":0,"2490":0,"2491":0,"2492":0,"2493":0,"2494":0,"2495":0,"2496":0,"2497":0,"2498":0,"2499":1,"2500":1,"2501":1,"2502":0,"2503":0,"2504":0,"2505":0,"2506":0,"2507":0,"2508":1,"2509":1,"2510":1,"2511":1,"2512":1,"2513":0,"2514":0,"2515":0,"2516":0,"2517":0,"2518":0,"2519":0,"2520":0,"2521":0,"2522":1,"2523":1,"2524":0,"2525":0,"2526":0,"2527":0,"2528":0,"2529":0,"2530":0,"2531":0,"2532":1,"2533":0,"2534":1,"2535":0,"2536":0,"2537":0,"2538":0,"2539":0,"2540":0,"2541":0,"2542":1,"2543":1,"2544":0,"2545":0,"2546":0,"2547":0,"2548":0,"2549":0,"2550":0,"2551":0,"2552":0,"2553":0,"2554":0,"2555":0,"2556":0,"2557":0,"2558":0,"2559":0,"2560":0,"2561":0,"2562":0,"2563":0,"2564":0,"2565":0,"2566":0,"2567":0,"2568":1,"2569":0,"2570":1,"2571":0,"2572":1,"2573":0,"2574":0,"2575":0,"2576":0,"2577":0,"2578":0,"2579":0,"2580":1,"2581":1,"2582":0,"2583":0,"2584":0,"2585":0,"2586":0,"2587":0,"2588":0,"2589":0,"2590":1,"2591":0,"2592":0,"2593":1,"2594":0,"2595":0,"2596":0,"2597":0,"2598":0,"2599":1,"2600":0,"2601":0,"2602":0,"2603":0,"2604":0,"2605":0,"2606":0,"2607":0,"2608":0,"2609":0,"2610":0,"2611":0,"2612":0,"2613":0,"2614":0,"2615":1,"2616":1,"2617":1,"2618":0,"2619":0,"2620":0,"2621":0,"2622":0,"2623":1,"2624":1,"2625":1,"2626":0,"2627":0,"2628":0,"2629":0,"2630":0,"2631":0,"2632":0,"2633":0,"2634":0,"2635":1,"2636":0,"2637":0,"2638":0,"2639":0,"2640":0,"2641":0,"2642":0,"2643":0,"2644":0,"2645":0,"2646":0,"2647":0,"2648":0,"2649":0,"2650":0,"2651":0,"2652":0,"2653":0,"2654":0,"2655":1,"2656":1,"2657":0,"2658":0,"2659":0,"2660":0,"2661":0,"2662":0,"2663":0,"2664":0,"2665":0,"2666":0,"2667":1,"2668":0,"2669":0,"2670":0,"2671":0,"2672":0,"2673":0,"2674":0,"2675":0,"2676":0,"2677":0,"2678":0,"2679":0,"2680":1,"2681":0,"2682":0,"2683":0,"2684":0,"2685":0,"2686":0,"2687":0,"2688":0,"2689":0,"2690":0,"2691":1,"2692":0,"2693":1,"2694":1,"2695":1,"2696":1,"2697":1,"2698":1,"2699":1,"2700":1,"2701":0,"2702":0,"2703":0,"2704":0,"2705":0,"2706":0,"2707":1,"2708":1,"2709":0,"2710":0,"2711":1,"2712":0,"2713":0,"2714":1,"2715":0,"2716":0,"2717":0,"2718":1,"2719":0,"2720":0,"2721":0,"2722":0,"2723":0,"2724":0,"2725":0,"2726":0,"2727":0,"2728":0,"2729":0,"2730":0,"2731":0,"2732":0,"2733":0,"2734":0,"2735":0,"2736":0,"2737":0,"2738":1,"2739":1,"2740":0,"2741":0,"2742":0,"2743":0,"2744":0,"2745":0,"2746":0,"2747":0,"2748":0,"2749":0,"2750":0,"2751":0,"2752":0,"2753":0,"2754":0,"2755":0,"2756":0,"2757":0,"2758":0,"2759":0,"2760":0,"2761":0,"2762":0,"2763":0,"2764":0,"2765":1,"2766":0,"2767":0,"2768":0,"2769":0,"2770":1,"2771":0,"2772":1,"2773":0,"2774":0,"2775":0,"2776":0,"2777":0,"2778":0,"2779":0,"2780":0,"2781":0,"2782":0,"2783":0,"2784":0,"2785":0,"2786":0,"2787":0,"2788":0,"2789":0,"2790":0,"2791":0,"2792":0,"2793":0,"2794":0,"2795":0,"2796":0,"2797":0,"2798":0,"2799":0,"2800":0,"2801":0,"2802":0,"2803":0,"2804":0,"2805":0,"2806":0,"2807":0,"2808":0,"2809":0,"2810":0,"2811":0,"2812":0,"2813":0,"2814":0,"2815":0,"2816":0,"2817":0,"2818":0,"2819":0,"2820":0,"2821":0,"2822":0,"2823":0,"2824":0,"2825":0,"2826":0,"2827":0,"2828":0,"2829":0,"2830":0,"2831":0,"2832":0,"2833":0,"2834":0,"2835":0,"2836":0,"2837":0,"2838":0,"2839":0,"2840":0,"2841":0,"2842":0,"2843":0,"2844":0,"2845":0,"2846":0,"2847":0,"2848":0,"2849":0,"2850":0,"2851":0,"2852":1,"2853":0,"2854":0,"2855":0,"2856":0,"2857":0,"2858":0,"2859":0,"2860":0,"2861":0,"2862":0,"2863":0,"2864":0,"2865":0,"2866":0,"2867":0,"2868":0,"2869":0,"2870":0,"2871":0,"2872":0,"2873":0,"2874":0,"2875":0,"2876":0,"2877":0,"2878":0,"2879":0,"2880":0,"2881":0,"2882":0,"2883":0,"2884":0,"2885":0,"2886":0,"2887":0,"2888":0,"2889":0,"2890":0,"2891":0,"2892":0,"2893":0,"2894":1,"2895":0,"2896":0,"2897":0,"2898":0,"2899":0,"2900":0,"2901":0,"2902":0,"2903":0,"2904":0,"2905":0,"2906":0,"2907":0,"2908":0,"2909":0,"2910":0,"2911":0,"2912":0,"2913":1,"2914":0,"2915":0,"2916":0,"2917":0,"2918":1,"2919":0,"2920":1,"2921":0,"2922":0,"2923":0,"2924":0,"2925":0,"2926":0,"2927":1,"2928":0,"2929":0,"2930":1,"2931":0,"2932":0,"2933":0,"2934":1,"2935":1,"2936":1,"2937":1,"2938":0,"2939":0,"2940":0,"2941":0,"2942":1,"2943":0,"2944":0,"2945":0,"2946":0,"2947":0,"2948":0,"2949":0,"2950":0,"2951":0,"2952":0,"2953":0,"2954":0,"2955":0,"2956":0,"2957":0,"2958":0,"2959":0,"2960":0,"2961":0,"2962":0,"2963":1,"2964":0,"2965":0,"2966":0,"2967":0,"2968":0,"2969":0,"2970":0,"2971":0,"2972":0,"2973":0,"2974":0,"2975":0,"2976":0,"2977":0,"2978":0,"2979":0,"2980":0,"2981":0,"2982":1,"2983":0,"2984":0,"2985":0,"2986":0,"2987":1,"2988":0,"2989":1,"2990":0,"2991":1,"2992":0,"2993":0,"2994":1,"2995":0,"2996":0,"2997":0,"2998":1,"2999":0,"3000":1,"3001":0,"3002":0,"3003":0,"3004":0,"3005":0,"3006":0,"3007":0,"3008":0,"3009":0,"3010":0,"3011":0,"3012":0,"3013":0,"3014":0,"3015":0,"3016":0,"3017":0,"3018":0,"3019":0,"3020":0,"3021":0,"3022":0,"3023":0,"3024":0,"3025":0,"3026":1,"3027":1,"3028":1,"3029":0,"3030":0,"3031":0,"3032":0,"3033":1,"3034":0,"3035":0,"3036":0,"3037":0,"3038":0,"3039":0,"3040":0,"3041":0,"3042":1,"3043":0,"3044":1,"3045":0,"3046":0,"3047":0,"3048":1,"3049":0,"3050":1,"3051":0,"3052":0,"3053":0,"3054":0,"3055":0,"3056":0,"3057":0,"3058":0,"3059":0,"3060":0,"3061":0,"3062":0,"3063":0,"3064":0,"3065":0,"3066":0,"3067":0,"3068":0,"3069":0,"3070":0,"3071":0,"3072":0,"3073":0,"3074":0,"3075":0,"3076":0,"3077":0,"3078":0,"3079":0,"3080":0,"3081":0,"3082":0,"3083":0,"3084":0,"3085":0,"3086":0,"3087":0,"3088":0,"3089":0,"3090":0,"3091":0,"3092":0,"3093":0,"3094":0,"3095":0,"3096":0,"3097":1,"3098":1,"3099":1,"3100":0,"3101":0,"3102":0,"3103":0,"3104":0,"3105":0,"3106":0,"3107":0,"3108":0,"3109":0,"3110":0,"3111":0,"3112":0,"3113":0,"3114":0,"3115":0,"3116":0,"3117":0,"3118":0,"3119":0,"3120":0,"3121":0,"3122":0,"3123":0,"3124":0,"3125":0,"3126":0,"3127":0,"3128":0,"3129":0,"3130":0,"3131":0,"3132":0,"3133":0,"3134":0,"3135":0,"3136":0,"3137":0,"3138":0,"3139":0,"3140":0,"3141":0,"3142":0,"3143":0,"3144":0,"3145":0,"3146":0,"3147":0,"3148":0,"3149":0,"3150":0,"3151":0,"3152":0,"3153":0,"3154":0,"3155":0,"3156":0,"3157":0,"3158":0,"3159":0,"3160":0,"3161":0,"3162":0,"3163":0,"3164":0,"3165":0,"3166":1,"3167":0,"3168":0,"3169":0,"3170":0,"3171":1,"3172":0,"3173":1,"3174":0,"3175":0,"3176":0,"3177":0,"3178":0,"3179":0,"3180":0,"3181":0,"3182":0,"3183":1,"3184":1,"3185":1,"3186":1,"3187":1,"3188":1,"3189":1,"3190":1,"3191":1,"3192":0,"3193":0,"3194":1,"3195":0,"3196":0,"3197":0,"3198":0,"3199":0,"3200":0,"3201":0,"3202":1},"b":{"1":[0,0],"2":[0,0],"3":[0,0],"4":[2,7],"5":[0,0],"6":[0,0],"7":[0,0],"8":[0,0],"9":[0,0],"10":[0,0],"11":[0,0],"12":[0,0],"13":[0,0],"14":[0,0],"15":[0,0],"16":[0,0],"17":[0,0],"18":[0,0],"19":[0,0],"20":[0,0],"21":[0,0],"22":[0,0],"23":[0,0],"24":[1,0],"25":[1,0],"26":[1,0],"27":[1,0],"28":[1,0],"29":[1,0],"30":[1,0,0],"31":[0,0],"32":[0,0],"33":[0,0],"34":[1,0],"35":[1,1,1,1],"36":[1,0],"37":[1,1],"38":[0,0],"39":[0,0],"40":[0,0,0],"41":[0,0],"42":[0,0],"43":[0,0],"44":[0,0],"45":[0,0],"46":[1,0],"47":[1,1],"48":[1,0],"49":[0,0],"50":[0,0],"51":[0,0],"52":[0,0],"53":[0,0],"54":[0,0],"55":[0,0],"56":[0,0],"57":[0,0],"58":[0,0],"59":[0,0],"60":[0,0],"61":[0,0],"62":[0,0],"63":[0,0],"64":[0,0],"65":[0,0],"66":[0,0],"67":[0,0],"68":[0,0],"69":[0,0],"70":[0,0],"71":[0,0,0],"72":[0,0],"73":[0,0],"74":[0,0],"75":[0,0],"76":[0,0],"77":[0,0],"78":[0,0],"79":[0,0,0,0,0,0],"80":[0,0],"81":[0,0],"82":[0,0],"83":[0,0],"84":[0,0],"85":[0,0],"86":[0,0],"87":[0,0],"88":[0,0],"89":[0,0],"90":[0,0],"91":[0,0],"92":[0,0,0],"93":[0,0],"94":[0,0],"95":[0,0],"96":[0,0],"97":[0,0],"98":[0,0],"99":[0,0],"100":[0,0,0],"101":[0,0],"102":[0,0],"103":[0,0],"104":[0,0],"105":[0,0],"106":[0,0,0],"107":[0,0],"108":[0,0],"109":[0,0],"110":[0,0,0],"111":[0,0],"112":[1,0],"113":[0,0],"114":[0,0],"115":[0,0],"116":[0,0],"117":[0,0],"118":[0,0],"119":[0,0],"120":[0,0],"121":[0,0],"122":[0,0],"123":[0,0],"124":[0,0],"125":[0,0],"126":[0,0],"127":[0,0],"128":[0,0],"129":[0,0],"130":[0,0],"131":[0,0],"132":[0,0],"133":[0,0],"134":[0,0],"135":[0,0],"136":[0,0],"137":[0,0],"138":[0,0],"139":[0,0],"140":[0,0],"141":[0,0],"142":[0,0],"143":[0,0],"144":[0,0],"145":[0,0],"146":[0,0],"147":[0,0],"148":[0,0],"149":[0,0],"150":[0,0],"151":[0,0],"152":[0,0],"153":[0,0],"154":[0,0],"155":[0,0],"156":[0,0],"157":[0,0],"158":[0,0],"159":[0,0],"160":[0,0],"161":[0,0],"162":[0,0],"163":[0,0],"164":[0,0,0],"165":[0,0],"166":[0,0,0],"167":[0,0],"168":[0,0],"169":[0,0],"170":[0,0],"171":[0,0,0],"172":[0,0],"173":[0,0],"174":[0,0],"175":[0,0],"176":[0,0],"177":[0,0],"178":[0,0,0,0],"179":[0,0],"180":[0,0],"181":[0,0],"182":[0,0],"183":[0,0],"184":[0,0],"185":[0,0],"186":[0
[...]
36":1,"2137":1,"2138":1,"2139":1,"2140":1,"2142":1,"2143":1,"2144":1,"2145":1,"2147":1,"2148":1,"2149":1,"2150":1,"2153":0,"2154":0,"2158":0,"2159":0,"2163":0,"2164":0,"2165":0,"2167":0,"2170":1,"2179":0,"2186":0,"2187":0,"2188":0,"2189":0,"2191":0,"2194":0,"2195":0,"2196":0,"2197":0,"2199":0,"2200":0,"2201":0,"2202":0,"2203":0,"2205":0,"2206":0,"2207":0,"2210":0,"2213":0,"2214":0,"2215":0,"2216":0,"2219":0,"2220":0,"2221":0,"2225":1,"2226":0,"2227":0,"2229":0,"2232":1,"2233":0,"2234":0,"2235":0,"2236":0,"2238":0,"2239":0,"2241":0,"2242":0,"2243":0,"2244":0,"2246":0,"2250":1,"2251":0,"2252":0,"2253":0,"2254":0,"2257":0,"2258":0,"2259":0,"2260":0,"2262":0,"2266":1,"2267":0,"2268":0,"2269":0,"2270":0,"2271":0,"2273":0,"2277":0,"2278":0,"2285":1,"2286":1,"2287":1,"2288":1,"2289":1,"2290":1,"2295":1,"2296":0,"2297":0,"2298":0,"2299":0,"2301":0,"2307":1,"2308":0,"2309":0,"2319":0,"2323":0,"2324":0,"2325":0,"2326":0,"2327":0,"2329":0,"2330":0,"2331":0,"2332":0,"2340":0,"2346":0,"2347":0,"2350":0,"2351":0,"2352":0,"2353":0,"2354":0,"2355":0,"2361":0,"2362":1,"2371":1,"2372":0,"2373":0,"2374":0,"2375":0,"2376":0,"2380":0,"2381":0,"2382":0,"2384":0,"2387":0,"2388":0,"2389":0,"2396":1,"2403":1,"2409":0,"2410":0,"2412":0,"2413":0,"2414":0,"2415":0,"2416":0,"2418":0,"2420":0,"2421":0,"2422":0,"2423":0,"2424":0,"2425":0,"2426":0,"2427":0,"2428":0,"2432":0,"2433":0,"2435":0,"2436":0,"2437":0,"2438":0,"2446":0,"2454":1,"2455":0,"2456":0,"2457":0,"2458":0,"2459":0,"2460":0,"2462":0,"2465":0,"2469":0,"2470":0,"2472":0,"2473":0,"2474":0,"2480":1,"2481":0,"2482":0,"2483":0,"2484":0,"2485":0,"2486":0,"2494":1,"2495":0,"2497":0,"2498":0,"2499":0,"2500":0,"2501":0,"2504":0,"2505":0,"2506":0,"2507":0,"2508":0,"2509":0,"2510":0,"2511":0,"2518":1,"2520":0,"2521":0,"2522":1,"2523":1,"2525":1,"2533":1,"2534":0,"2535":0,"2536":0,"2545":0,"2546":0,"2547":0,"2548":0,"2549":0,"2551":0,"2554":0,"2564":1,"2565":0,"2566":0,"2572":1,"2573":0,"2575":0,"2576":0,"2577":0,"2584":1,"2585":0,"2587":0,"2591":0,"2592":0,"2594":0,"2595":0,"2596":0,"2598":0,"2607":1,"2608":1,"2609":0,"2610":0,"2613":1,"2614":0,"2615":0,"2616":0,"2617":0,"2619":0,"2620":0,"2621":0,"2622":0,"2624":0,"2626":0,"2627":0,"2628":0,"2630":0,"2631":0,"2632":0,"2638":1,"2645":1,"2646":0,"2647":0,"2649":0,"2650":0,"2652":0,"2655":1,"2656":0,"2657":0,"2658":0,"2659":0,"2660":0,"2661":0,"2663":0,"2665":0,"2666":0,"2669":1,"2671":1,"2672":0,"2673":0,"2676":0,"2677":0,"2679":0,"2680":0,"2681":0,"2682":0,"2684":0,"2685":0,"2686":0,"2691":0,"2692":0,"2693":0,"2703":1,"2708":0,"2709":0,"2713":0,"2714":0,"2717":1,"2718":0,"2719":0,"2722":0,"2723":0,"2724":0,"2731":0,"2732":0,"2733":0,"2734":0,"2735":0,"2736":0,"2741":0,"2742":0,"2746":0,"2749":1,"2750":0,"2751":0,"2753":0,"2754":0,"2758":1,"2760":1,"2761":0,"2763":0,"2764":0,"2765":0,"2766":0,"2767":0,"2768":0,"2772":0,"2776":0,"2781":0,"2782":0,"2787":1,"2788":0,"2789":0,"2790":0,"2792":0,"2797":0,"2801":0,"2804":1,"2805":0,"2806":0,"2807":0,"2808":0,"2809":0,"2811":0,"2812":0,"2814":0,"2819":1,"2820":0,"2821":0,"2822":0,"2823":0,"2824":0,"2825":0,"2831":0,"2832":0,"2841":1,"2842":0,"2843":0,"2844":0,"2845":0,"2846":0,"2849":0,"2854":1,"2855":0,"2856":0,"2857":0,"2858":0,"2860":0,"2861":0,"2863":0,"2866":1,"2870":1,"2871":1,"2872":1,"2873":1,"2874":1,"2875":1,"2876":0,"2882":1,"2883":0,"2886":1,"2887":1,"2889":1,"2890":1,"2892":1,"2897":0,"2898":0,"2899":0,"2900":0,"2901":0,"2902":0,"2904":0,"2905":0,"2913":1,"2920":0,"2921":0,"2927":0,"2928":0,"2930":0,"2931":0,"2936":0,"2937":0,"2938":0,"2948":0,"2949":0,"2950":0,"2952":0,"2953":0,"2958":0,"2959":0,"2960":0,"2962":0,"2968":1,"2970":1,"2977":0,"2978":0,"2981":0,"2982":0,"2983":0,"2986":0,"2987":0,"2988":0,"2990":0,"2994":0,"2995":0,"2996":0,"2998":0,"3001":0,"3003":0,"3006":0,"3013":0,"3015":0,"3018":0,"3019":0,"3023":0,"3026":0,"3027":0,"3032":0,"3034":0,"3036":0,"3039":0,"3043":0,"3046":0,"3047":0,"3052":0,"3055":1,"3062":0,"3063":0,"3064":0,"3065":0,"3066":0,"3071":0,"3072":0,"3073":0,"3078":0,"3080":0,"3081":0,"3082":0,"3083":0,"3086":0,"3089":1,"3095":0,"3096":0,"3108":0,"3109":0,"3110":0,"3111":0,"3113":0,"3116":1,"3121":0,"3123":0,"3125":0,"3126":0,"3127":0,"3129":0,"3130":0,"3131":0,"3134":0,"3137":0,"3138":0,"3139":0,"3144":0,"3145":0,"3151":0,"3154":0,"3155":0,"3158":0,"3160":0,"3164":1,"3168":0,"3169":0,"3170":0,"3172":0,"3173":0,"3174":0,"3175":0,"3176":0,"3177":0,"3178":0,"3179":0,"3180":0,"3181":0,"3185":0,"3195":0,"3200":0,"3203":1,"3210":0,"3211":0,"3212":0,"3213":0,"3214":0,"3216":0,"3217":0,"3218":0,"3219":0,"3220":0,"3222":0,"3225":0,"3228":1,"3229":0,"3230":0,"3232":0,"3233":0,"3234":0,"3235":0,"3236":0,"3240":1,"3241":0,"3242":0,"3243":0,"3249":1,"3250":0,"3251":0,"3252":0,"3253":0,"3254":0,"3256":0,"3262":1,"3263":1,"3267":1,"3275":0,"3276":0,"3277":0,"3278":0,"3280":0,"3281":0,"3284":1,"3291":0,"3292":0,"3297":0,"3299":0,"3301":0,"3304":0,"3306":0,"3307":0,"3308":0,"3310":0,"3311":0,"3312":0,"3313":0,"3315":0,"3316":0,"3317":0,"3318":0,"3319":0,"3321":0,"3325":0,"3327":0,"3332":0,"3339":0,"3341":0,"3342":0,"3343":0,"3345":0,"3349":1,"3350":0,"3351":0,"3353":0,"3355":0,"3356":0,"3357":0,"3358":0,"3359":0,"3370":1,"3374":0,"3375":0,"3376":0,"3377":0,"3378":0,"3380":0,"3381":0,"3382":0,"3383":0,"3385":0,"3386":0,"3387":0,"3388":0,"3389":0,"3390":0,"3393":0,"3401":1,"3407":0,"3408":0,"3409":0,"3410":0,"3411":0,"3413":0,"3415":0,"3417":0,"3418":0,"3423":0,"3425":0,"3434":1,"3435":0,"3443":1,"3448":0,"3449":0,"3450":0,"3452":0,"3461":1,"3467":0,"3468":0,"3469":0,"3474":0,"3475":0,"3477":0,"3478":0,"3479":0,"3480":0,"3482":0,"3483":0,"3487":0,"3488":0,"3493":0,"3501":1,"3505":0,"3508":0,"3509":0,"3514":0,"3516":0,"3517":0,"3524":1,"3529":0,"3530":0,"3533":1,"3538":0,"3539":0,"3540":0,"3541":0,"3545":0,"3549":1,"3550":0,"3551":0,"3552":0,"3557":1,"3558":0,"3559":0,"3560":0,"3561":0,"3562":0,"3563":0,"3564":0,"3569":0,"3572":0,"3575":1,"3576":1,"3577":0,"3580":1,"3581":0,"3582":0,"3583":0,"3584":0,"3585":0,"3587":0,"3589":0,"3590":0,"3594":0,"3596":0,"3597":0,"3601":0,"3603":0,"3604":0,"3605":0,"3607":0,"3611":0,"3612":0,"3616":1,"3620":0,"3621":0,"3622":0,"3628":0,"3631":0,"3632":0,"3638":1,"3639":1,"3640":1,"3641":1,"3642":1,"3643":1,"3644":1,"3645":1,"3646":1,"3647":1,"3648":1,"3649":1,"3650":1,"3651":1,"3656":1,"3657":0,"3658":0,"3659":0,"3665":1,"3666":0,"3667":0,"3670":0,"3671":0,"3677":0,"3678":0,"3679":0,"3680":0,"3681":0,"3682":0,"3684":0,"3685":0,"3686":0,"3694":1,"3696":0,"3698":0,"3702":0,"3708":1,"3710":1,"3711":1,"3712":0,"3714":0,"3716":0,"3718":0,"3719":1,"3720":1,"3721":1,"3725":0,"3727":0,"3731":0,"3733":0,"3740":0,"3741":0,"3743":1,"3746":0,"3747":0,"3748":0,"3749":0,"3750":0,"3751":0,"3752":0,"3753":0,"3754":0,"3757":0,"3758":1,"3759":1,"3760":1,"3763":0,"3764":0,"3769":1,"3770":0,"3772":0,"3773":0,"3774":0,"3775":0,"3776":0,"3777":0,"3778":0,"3779":0,"3780":0,"3781":0,"3782":0,"3786":1,"3787":0,"3788":0,"3789":0,"3790":0,"3791":0,"3794":0,"3796":0,"3798":0,"3799":0,"3801":0,"3802":0,"3803":0,"3807":0,"3810":1,"3811":0,"3812":0,"3813":0,"3814":0,"3815":0,"3816":0,"3817":0,"3820":0,"3823":1,"3826":0,"3827":0,"3828":0,"3829":0,"3830":0,"3831":0,"3834":0,"3836":0,"3840":1,"3841":0,"3843":0,"3845":0,"3848":1,"3849":1,"3850":1,"3851":1,"3852":1,"3856":1,"3857":1,"3859":0,"3860":1,"3863":0,"3864":0,"3865":0,"3866":0,"3867":0,"3868":0,"3870":0,"3871":0,"3877":1,"3878":1,"3879":0,"3885":1,"3891":1,"3892":1,"3897":1,"3898":0,"3899":0,"3900":0,"3901":0,"3902":0,"3903":0,"3906":0,"3907":0,"3908":0,"3909":0,"3917":0,"3918":0,"3920":0,"3921":0,"3922":0,"3923":0,"3927":0,"3932":0,"3933":0,"3935":0,"3936":0,"3940":0,"3941":0,"3942":0,"3946":0,"3947":0,"3950":0,"3951":0,"3957":0,"3958":0,"3959":0,"3962":0,"3963":0,"3967":1,"3968":0,"3969":0,"3970":0,"3974":1,"3975":0,"3976":0,"3977":0,"3983":1,"3987":1,"3988":3,"3992":0,"3993":0,"3996":0,"3997":1,"3998":1,"4004":0,"4005":0,"4006":0,"4008":0,"4009":0,"4011":0,"4012":0,"4020":1,"4022":1,"4023":0,"4026":1,"4027":0,"4028":0,"4029":0,"4030":0,"4033":1,"4036":1,"4037":0,"4038":0,"4039":0,"4040":0,"4041":0,"4042":0,"4043":0,"4049":1,"4050":0,"4051":0,"4052":0,"4054":0,"4058":1,"4068":0,"4072":0,"4074":0,"4075":0,"4081":0,"4084":0,"4089":0,"4090":0,"4091":0,"4093":0,"4094":0,"4098":0,"4100":0,"4105":0,"4106":0,"4108":0,"4110":0,"4112":0,"4116":1,"4122":1,"4124":1,"4125":4,"4126":1,"4127":1,"4128":0,"4133":1,"4138":1,"4145":1,"4146":1,"4147":1,"4149":1,"4150":1,"4151":3,"4156":1,"4158":1,"4160":1,"4161":1,"4162":1,"4163":1,"4166":1,"4168":1,"4172":1,"4177":1,"4178":1,"4179":0,"4187":1,"4189":1,"4198":1,"4200":1,"4201":0,"4204":1,"4205":0,"4208":1,"4209":0,"4214":1,"4215":0,"4216":0,"4217":0,"4218":0,"4219":0,"4220":0,"4221":0,"4224":0,"4225":0,"4226":0,"4229":0,"4232":1,"4233":0,"4241":1,"4242":0,"4243":0,"4244":0,"4245":0,"4248":1,"4251":1,"4252":0,"4255":1,"4256":0,"4257":0,"4258":0,"4260":0,"4261":0,"4263":0,"4264":0,"4265":0,"4266":0,"4267":0,"4268":0,"4272":0,"4274":0,"4275":0,"4276":0,"4278":0,"4281":1,"4286":1,"4291":1,"4307":1,"4316":1,"4317":0,"4320":1,"4321":0,"4322":0,"4326":0,"4327":0,"4331":1,"4332":1,"4334":0,"4335":1,"4337":0,"4338":0,"4340":0,"4342":0,"4343":1,"4345":0,"4346":0,"4348":0,"4353":0,"4362":1,"4363":0,"4364":0,"4365":0,"4366":0,"4369":0,"4371":0,"4373":0,"4379":1,"4380":0,"4381":0,"4382":0,"4385":0,"4386":0,"4388":0,"4391":1,"4392":0,"4395":1,"4396":0,"4399":1,"4400":0,"4403":1,"4404":0,"4407":1,"4408":0,"4411":1,"4412":0,"4415":1,"4416":0,"4419":1,"4420":0,"4423":1,"4424":0,"4427":1,"4428":0,"4431":1,"4432":0,"4436":1,"4453":1,"4455":0,"4458":0,"4459":0,"4460":0,"4464":0,"4468":1,"4469":0,"4470":0,"4472":0,"4473":0,"4474":0,"4475":0,"4476":0,"4477":0,"4478":0,"4479":0,"4482":0,"4483":0,"4484":0,"4486":0,"4489":0,"4508":1,"4510":1,"4512":1,"4513":0,"4516":1,"4517":40,"4520":1,"4521":0,"4524":1,"4525":0,"4536":1,"4537":0,"4538":0,"4539":0,"4540":0,"4541":0,"4544":1,"4545":0,"4546":0,"4547":0,"4548":0,"4549":0,"4551":0,"4554":1,"4555":1,"4556":1,"4558":1,"4559":1,"4561":1,"4562":5,"4563":5,"4564":40,"4565":16,"4570":1,"4571":0,"4574":1,"4575":1,"4576":0,"4577":0,"4580":0,"4581":0,"4584":1,"4585":0,"4587":0,"4588":0,"4592":1,"4593":1,"4594":0,"4595":0,"4596":0,"4599":0,"4600":0,"4601":0,"4602":0,"4603":0,"4604":0,"4605":0,"4607":0,"4613":0,"4621":0,"4624":0,"4628":0,"4629":0,"4630":0,"4632":0,"4635":0,"4636":0,"4638":0,"4639":0,"4640":0,"4642":0,"4643":0,"4647":1,"4648":0,"4649":0,"4650":0,"4651":0,"4652":0,"4658":0,"4659":0,"4660":0,"4661":0,"4663":0,"4668":1,"4669":0,"4670":0,"4672":0,"4673":0,"4674":0,"4675":0,"4679":0,"4681":0,"4685":1,"4686":0,"4691":0,"4692":0,"4693":0,"4694":0,"4695":0,"4696":0,"4698":0,"4699":0,"4704":0,"4707":1,"4708":0,"4709":0,"4710":0,"4712":0,"4717":1,"4718":0,"4719":0,"4720":0,"4722":0,"4723":0,"4727":1,"4728":0,"4729":0,"4731":0,"4734":1,"4735":0,"4736":0,"4738":0,"4739":0,"4740":0,"4741":0,"4748":1,"4749":0,"4750":0,"4751":0,"4752":0,"4753":0,"4755":0,"4758":0,"4761":0,"4765":1,"4766":0,"4767":0,"4771":1,"4772":0,"4773":0,"4774":0,"4775":0,"4776":0,"4778":0,"4779":0,"4780":0,"4785":1,"4786":0,"4787":0,"4788":0,"4789":0,"4790":0,"4791":0,"4793":0,"4799":1,"4800":0,"4801":0,"4802":0,"4805":0,"4808":0,"4811":0,"4812":0,"4814":0,"4815":0,"4817":0,"4818":0,"4820":0,"4823":0,"4827":1,"4828":0,"4829":0,"4830":0,"4831":0,"4832":0,"4833":0,"4834":0,"4835":0,"4836":0,"4841":0,"4843":0,"4844":0,"4845":0,"4846":0,"4847":0,"4848":0,"4849":0,"4850":0,"4851":0,"4852":0,"4853":0,"4854":0,"4855":0,"4856":0,"4857":0,"4858":0,"4859":0,"4860":0,"4861":0,"4862":0,"4863":0,"4864":0,"4865":0,"4867":0,"4868":0,"4869":0,"4870":0,"4871":0,"4873":0,"4875":0,"4876":1,"4881":0,"4882":0,"4883":0,"4884":0,"4885":0,"4888":0,"4889":0,"4894":0,"4895":0,"4896":0,"4897":0,"4898":0,"4902":1,"4903":0,"4904":0,"4910":0,"4914":0,"4915":0,"4916":0,"4918":0,"4919":0,"4920":0,"4921":0,"4923":0,"4924":0,"4925":0,"4926":0,"4927":0,"4928":0,"4930":0,"4931":0,"4932":0,"4933":0,"4934":0,"4935":0,"4936":0,"4937":0,"4938":0,"4939":0,"4941":0,"4942":0,"4944":0,"4945":0,"4949":1,"4952":0,"4953":0,"4955":0,"4956":0,"4961":1,"4964":1,"4967":1,"4968":0,"4969":0,"4970":0,"4973":0,"4974":0,"4975":0,"4976":0,"4977":0,"4978":0,"4979":0,"4981":0,"4982":0,"4985":0,"4986":0,"4988":0,"4989":0,"4991":0,"4992":0,"4993":0,"4994":0,"4995":0,"4996":0,"4998":0,"5002":0,"5003":0,"5006":0,"5007":0,"5008":0,"5010":0,"5014":0,"5015":0,"5016":0,"5017":0,"5018":0,"5022":0,"5023":0,"5025":0,"5028":1,"5029":0,"5030":0,"5035":0,"5039":1,"5040":0,"5041":0,"5042":0,"5045":0,"5046":0,"5048":0,"5050":0,"5051":0,"5053":0,"5054":0,"5056":0,"5058":0,"5062":0,"5063":0,"5064":0,"5066":0,"5067":0,"5068":0,"5069":0,"5070":0,"5071":0,"5082":0,"5085":0,"5086":0,"5087":0,"5097":0,"5100":0,"5101":0,"5102":0,"5103":0,"5105":0,"5106":0,"5107":0,"5112":0,"5113":0,"5114":0,"5115":0,"5120":0,"5121":0,"5127":1,"5131":0,"5135":1,"5136":0,"5137":0,"5141":1,"5142":0,"5143":0,"5144":0,"5145":0,"5147":0,"5148":0,"5150":0,"5151":0,"5152":0,"5153":0,"5154":0,"5156":0,"5157":0,"5158":0,"5162":0,"5163":0,"5164":0,"5165":0,"5170":0,"5171":0,"5172":0,"5173":0,"5176":0,"5177":0,"5179":0,"5183":0,"5184":0,"5185":0,"5186":0,"5191":0,"5192":0,"5193":0,"5195":0,"5201":1,"5203":1,"5207":0,"5208":0,"5209":0,"5211":0,"5212":0,"5213":0,"5214":0,"5215":0,"5217":0,"5218":0,"5220":0,"5223":1,"5224":0,"5227":1,"5228":0,"5229":0,"5230":0,"5234":1,"5241":1,"5242":0,"5243":0,"5245":0,"5246":0,"5247":0,"5248":0,"5250":0,"5251":0,"5254":0,"5255":0,"5256":0,"5257":0,"5258":0,"5263":0,"5264":1,"5266":0,"5267":0,"5268":0,"5269":0,"5270":0,"5271":0,"5277":1,"5278":0,"5281":0,"5282":0,"5284":0,"5286":0,"5287":0,"5288":0,"5289":0,"5290":0,"5292":0,"5295":0,"5296":0,"5298":0,"5303":1,"5310":1,"5311":0,"5312":0,"5313":0,"5314":0,"5316":0,"5319":0,"5322":0,"5323":0,"5324":0,"5328":0,"5329":0,"5330":0,"5334":1,"5341":1,"5345":1,"5346":0,"5347":0,"5349":0,"5351":0,"5352":0,"5353":0,"5385":1,"5386":1,"5392":1,"5393":1,"5401":1,"5402":0,"5404":0,"5406":1,"5407":1,"5408":1,"5410":0,"5412":0,"5413":0,"5414":0,"5418":1,"5420":1,"5426":0,"5427":0,"5428":0,"5429":0,"5430":0,"5433":0,"5434":0,"5438":0,"5441":1,"5447":0,"5450":1,"5451":0,"5452":0,"5454":0,"5455":0,"5456":0,"5457":0,"5458":0,"5461":1,"5468":1,"5469":0,"5470":0,"5472":0,"5473":0,"5474":0,"5475":0,"5477":0,"5478":0,"5481":0,"5482":0,"5483":0,"5486":0,"5487":0,"5491":0,"5492":0,"5493":0,"5496":0,"5499":0,"5501":0,"5502":0,"5503":0,"5506":0,"5514":1,"5519":0,"5526":1,"5528":0,"5531":1,"5532":0,"5533":0,"5534":0,"5535":0,"5537":0,"5538":0,"5540":0,"5543":1,"5550":1,"5551":0,"5552":0,"5553":0,"5554":0,"5555":0,"5556":0,"5557":0,"5560":0,"5564":1,"5565":0,"5568":0,"5574":1,"5575":0,"5576":0,"5578":0,"5579":0,"5581":0,"5588":1,"5589":0,"5590":0,"5592":0,"5593":0,"5594":0,"5595":0,"5596":0,"5597":0,"5602":0,"5603":0,"5606":0,"5607":0,"5608":0,"5609":0,"5612":0,"5617":1,"5618":1,"5619":1,"5621":0,"5622":1,"5623":0,"5624":0,"5626":0,"5630":1,"5632":1,"5633":1,"5634":0,"5635":0,"5636":0,"5637":0,"5639":0,"5640":0,"5641":0,"5642":0,"5643":0,"5648":1,"5649":0,"5650":0,"5652":0,"5654":0,"5657":0,"5658":0,"5659":0,"5660":0,"5663":0,"5665":0,"5667":0,"5669":0,"5671":0,"5672":0,"5673":0,"5676":0,"5677":0,"5678":0,"5680":0,"5685":1,"5696":1,"5698":0,"5699":1,"5703":0,"5704":0,"5705":0,"5707":0,"5710":1,"5711":1,"5712":1,"5721":1,"5723":0,"5724":1,"5728":0,"5729":0,"5730":0,"5732":0,"5735":1,"5736":1,"5737":1,"5738":1,"5740":1,"5746":1,"5747":0,"5748":0,"5751":0,"5752":0,"5753":0,"5754":0,"5756":0,"5757":0,"5758":1,"5759":1,"5763":1,"5764":0,"5774":1,"5775":1,"5776":1,"5779":1,"5780":1,"5781":1,"5782":1,"5783":1,"5785":0,"5787":1,"5788":1,"5790":0,"5792":0,"5793":0,"5798":1,"5802":1,"5803":0,"5804":0,"5808":1,"5809":0,"5810":0,"5813":1,"5814":0,"5815":0,"5817":0,"5820":1,"5825":0,"5826":0,"5827":0,"5828":0,"5829":0,"5830":0,"5831":0,"5832":0,"5833":0,"5834":0,"5836":0,"5837":0,"5838":0,"5839":0,"5843":0,"5844":0,"5845":0,"5848":0,"5851":1,"5853":1,"5854":0,"5855":0,"5856":0,"5857":0,"5858":0,"5859":0,"5860":0,"5862":0,"5863":0,"5864":0,"5866":0,"5867":1,"5868":1,"5869":1,"5870":1,"5872":0,"5873":0,"5874":0,"5875":0,"5876":0,"5879":0,"5880":0,"5885":0,"5891":0,"5894":0,"5902":1,"5904":1,"5905":1,"5908":0,"5909":0,"5913":1,"5914":0,"5919":1,"5920":0,"5923":0,"5924":0,"5925":0,"5928":0,"5929":0,"5930":0,"5934":0,"5935":1,"5938":0,"5939":0,"5940":0,"5941":0,"5942":0,"5943":0,"5944":0,"5945":0,"5946":0,"5947":0,"5948":0,"5949":0,"5950":0,"5951":0,"5952":0,"5953":0,"5954":0,"5960":0,"5961":0,"5962":0,"5963":0,"5964":0,"5967":0,"5969":0,"5970":0,"5973":0,"5976":0,"5979":0,"5983":0,"5986":0,"5989":0,"5992":0,"5996":0,"6002":0,"6003":0,"6006":0,"6007":0,"6009":0,"6010":0,"6011":0,"6012":0,"6014":0,"6015":0,"6016":0,"6018":0,"6020":0,"6022":0,"6025":0,"6027":0,"6028":0,"6029":0,"6030":0,"6033":0,"6035":0,"6040":0,"6041":0,"6042":0,"6043":0,"6044":0,"6045":0,"6046":0,"6047":0,"6048":0,"6049":0,"6051":0,"6057":0,"6058":0,"6059":0,"6062":0,"6063":0,"6067":1,"6068":0,"6071":0,"6072":0,"6073":0,"6076":0,"6077":0,"6078":0,"6082":0,"6083":1,"6086":0,"6087":0,"6088":0,"6089":0,"6090":0,"6091":0,"6092":0,"6093":0,"6094":0,"6095":0,"6096":0,"6098":0,"6099":0,"6101":0,"6107":0,"6108":0,"6111":0,"6112":0,"6113":0,"6115":0,"6116":0,"6117":0,"6119":0,"6120":0,"6121":0,"6123":0,"6125":0,"6126":0,"6128":0,"6131":0,"6132":0,"6134":0,"6137":1,"6139":0,"6140":0,"6143":0,"6144":0,"6146":0,"6147":0,"6148":0,"6149":0,"6150":0,"6151":0,"6152":0,"6153":0,"6154":0,"6155":0,"6157":0,"6162":0,"6163":0,"6164":0,"6170":1,"6171":0,"6172":0,"6177":0,"6178":0,"6186":1,"6187":0,"6196":1,"6197":0,"6198":0,"6199":0,"6201":0,"6207":0,"6211":1,"6212":0,"6213":0,"6217":1,"6222":0,"6223":0,"6225":1,"6230":1,"6243":1,"6245":1,"6253":1,"6255":1,"6256":1,"6257":1,"6258":1,"6263":1,"6265":0,"6266":0,"6267":0,"6269":0,"6271":0,"6272":1,"6274":0,"6275":0,"6276":0,"6277":0,"6278":0,"6279":0,"6282":0,"6283":1,"6289":0,"6290":0,"6295":0,"6296":0,"6298":0,"6299":0,"6305":1,"6306":0,"6307":0,"6308":0,"6309":0,"6314":0,"6316":0,"6317":0,"6318":0,"6319":0,"6320":0,"6321":0,"6322":0,"6325":0,"6326":0,"6327":0,"6329":0,"6333":0,"6334":0,"6338":1,"6339":0,"6340":0,"6341":0,"6344":0,"6347":1,"6348":0,"6353":1,"6354":0,"6357":1,"6358":0,"6359":0,"6362":1,"6363":0,"6364":0,"6365":0,"6371":1,"6372":0,"6377":1,"6379":0,"6381":0,"6382":0,"6383":0,"6385":0,"6386":0,"6387":0,"6388":0,"6391":0,"6396":0,"6397":0,"6400":1,"6401":0,"6402":0,"6403":0,"6404":0,"6405":0,"6406":0,"6407":0,"6410":0,"6411":0,"6415":0,"6426":0,"6427":0,"6432":1,"6442":1,"6462":1,"6463":0,"6464":0,"6465":0,"6467":0,"6471":1,"6472":0,"6473":0,"6475":0,"6476":0,"6480":0,"6481":0,"6482":0,"6484":0,"6487":1,"6488":0,"6493":1,"6494":0,"6495":0,"6496":0,"6501":1,"6502":0,"6505":1,"6511":0,"6513":0,"6514":0,"6515":0,"6519":0,"6521":0,"6522":1,"6526":0,"6527":0,"6534":0,"6537":0,"6539":0,"6545":0,"6549":0,"6550":0,"6555":0,"6557":0,"6558":1,"6561":0,"6562":0,"6568":0,"6569":0,"6575":0,"6576":0,"6577":0,"6581":0,"6582":0,"6585":0,"6588":0,"6590":0,"6592":0,"6593":0,"6594":0,"6595":0,"6597":0,"6598":0,"6599":0,"6600":0,"6601":0,"6602":0,"6603":0,"6607":0,"6624":1,"6629":1,"6631":1,"6635":0,"6636":0,"6637":0,"6638":0,"6639":0,"6640":0,"6642":0,"6643":0,"6644":0,"6645":0,"6646":0,"6647":0,"6648":0,"6649":0,"6650":0,"6651":0,"6652":0,"6657":0,"6658":0,"6659":0,"6660":0,"6661":0,"6662":0,"6663":0,"6664":0,"6665":0,"6667":0,"6670":0,"6671":0,"6674":0,"6679":0,"6685":0,"6689":0,"6690":0,"6691":0,"6692":0,"6697":0,"6698":0,"6699":0,"6702":0,"6703":0,"6705":0,"6706":0,"6707":0,"6708":0,"6709":0,"6710":0,"6711":0,"6712":0,"6713":0,"6714":0,"6715":0,"6725":0,"6726":1,"6728":0,"6729":0,"6736":0,"6737":0,"6738":0,"6740":0,"6741":0,"6742":0,"6743":0,"6744":0,"6745":0,"6750":1,"6752":0,"6753":1,"6756":0,"6757":1,"6761":1,"6762":0,"6765":1,"6766":0,"6767":0,"6768":0,"6769":0,"6770":0,"6771":0,"6772":0,"6773":0,"6774":0,"6778":1,"6786":1,"6787":1,"6788":1,"6789":1,"6792":1,"6793":1,"6796":1,"6799":1,"6803":0,"6804":0,"6809":1,"6810":1,"6811":1,"6812":1,"6813":1,"6814":1,"6820":1,"6823":1,"6831":1}}}